{"C:\\data\\js\\RS SCHOOL\\rs-school-react\\src\\App.js": {"path":"C:\\data\\js\\RS SCHOOL\\rs-school-react\\src\\App.js","all":false,"statementMap":{"0":{"start":{"line":1,"column":0},"end":{"line":1,"column":51}},"1":{"start":{"line":2,"column":0},"end":{"line":2,"column":49}},"2":{"start":{"line":3,"column":0},"end":{"line":3,"column":30}},"3":{"start":{"line":4,"column":0},"end":{"line":4,"column":48}},"4":{"start":{"line":5,"column":0},"end":{"line":5,"column":60}},"5":{"start":{"line":6,"column":0},"end":{"line":6,"column":45}},"6":{"start":{"line":7,"column":0},"end":{"line":7,"column":45}},"7":{"start":{"line":8,"column":0},"end":{"line":8,"column":52}},"8":{"start":{"line":9,"column":0},"end":{"line":9,"column":45}},"9":{"start":{"line":10,"column":0},"end":{"line":10,"column":20}},"10":{"start":{"line":11,"column":0},"end":{"line":11,"column":19}},"11":{"start":{"line":12,"column":0},"end":{"line":12,"column":41}},"12":{"start":{"line":13,"column":0},"end":{"line":13,"column":21}},"13":{"start":{"line":14,"column":0},"end":{"line":14,"column":52}},"14":{"start":{"line":15,"column":0},"end":{"line":15,"column":29}},"15":{"start":{"line":16,"column":0},"end":{"line":16,"column":11}},"16":{"start":{"line":17,"column":0},"end":{"line":17,"column":40}},"17":{"start":{"line":18,"column":0},"end":{"line":18,"column":20}},"18":{"start":{"line":19,"column":0},"end":{"line":19,"column":25}},"19":{"start":{"line":20,"column":0},"end":{"line":20,"column":9}},"20":{"start":{"line":21,"column":0},"end":{"line":21,"column":14}},"21":{"start":{"line":22,"column":0},"end":{"line":22,"column":44}},"22":{"start":{"line":23,"column":0},"end":{"line":23,"column":80}},"23":{"start":{"line":24,"column":0},"end":{"line":24,"column":82}},"24":{"start":{"line":25,"column":0},"end":{"line":25,"column":42}},"25":{"start":{"line":26,"column":0},"end":{"line":26,"column":42}},"26":{"start":{"line":27,"column":0},"end":{"line":27,"column":15}},"27":{"start":{"line":28,"column":0},"end":{"line":28,"column":9}},"28":{"start":{"line":29,"column":0},"end":{"line":29,"column":6}},"29":{"start":{"line":30,"column":0},"end":{"line":30,"column":38}},"30":{"start":{"line":31,"column":0},"end":{"line":31,"column":22}},"31":{"start":{"line":32,"column":0},"end":{"line":32,"column":44}},"32":{"start":{"line":33,"column":0},"end":{"line":33,"column":6}},"33":{"start":{"line":34,"column":0},"end":{"line":34,"column":46}},"34":{"start":{"line":35,"column":0},"end":{"line":35,"column":66}},"35":{"start":{"line":36,"column":0},"end":{"line":36,"column":85}},"36":{"start":{"line":37,"column":0},"end":{"line":37,"column":41}},"37":{"start":{"line":38,"column":0},"end":{"line":38,"column":119}},"38":{"start":{"line":39,"column":0},"end":{"line":39,"column":102}},"39":{"start":{"line":40,"column":0},"end":{"line":40,"column":97}},"40":{"start":{"line":41,"column":0},"end":{"line":41,"column":102}},"41":{"start":{"line":42,"column":0},"end":{"line":42,"column":44}},"42":{"start":{"line":43,"column":0},"end":{"line":43,"column":2}},"43":{"start":{"line":44,"column":0},"end":{"line":44,"column":19}}},"s":{"0":1,"1":1,"2":1,"3":1,"4":1,"5":1,"6":1,"7":1,"8":1,"9":1,"10":1,"11":2,"12":2,"13":2,"14":2,"15":2,"16":2,"17":2,"18":2,"19":2,"20":0,"21":0,"22":0,"23":0,"24":0,"25":0,"26":0,"27":0,"28":2,"29":2,"30":0,"31":0,"32":2,"33":2,"34":2,"35":2,"36":2,"37":2,"38":2,"39":2,"40":2,"41":2,"42":2,"43":1},"branchMap":{"0":{"type":"branch","line":11,"loc":{"start":{"line":11,"column":12},"end":{"line":43,"column":2}},"locations":[{"start":{"line":11,"column":12},"end":{"line":43,"column":2}}]},"1":{"type":"branch","line":13,"loc":{"start":{"line":13,"column":14},"end":{"line":16,"column":5}},"locations":[{"start":{"line":13,"column":14},"end":{"line":16,"column":5}}]},"2":{"type":"branch","line":17,"loc":{"start":{"line":17,"column":22},"end":{"line":29,"column":5}},"locations":[{"start":{"line":17,"column":22},"end":{"line":29,"column":5}}]},"3":{"type":"branch","line":21,"loc":{"start":{"line":21,"column":-2},"end":{"line":28,"column":9}},"locations":[{"start":{"line":21,"column":-2},"end":{"line":28,"column":9}}]}},"b":{"0":[2],"1":[2],"2":[2],"3":[0]},"fnMap":{"0":{"name":"App","decl":{"start":{"line":11,"column":12},"end":{"line":43,"column":2}},"loc":{"start":{"line":11,"column":12},"end":{"line":43,"column":2}},"line":11},"1":{"name":"searchEmp","decl":{"start":{"line":17,"column":22},"end":{"line":29,"column":5}},"loc":{"start":{"line":17,"column":22},"end":{"line":29,"column":5}},"line":17},"2":{"name":"onUpdateSearch","decl":{"start":{"line":30,"column":27},"end":{"line":33,"column":5}},"loc":{"start":{"line":30,"column":27},"end":{"line":33,"column":5}},"line":30}},"f":{"0":2,"1":2,"2":0}}
,"C:\\data\\js\\RS SCHOOL\\rs-school-react\\src\\data.js": {"path":"C:\\data\\js\\RS SCHOOL\\rs-school-react\\src\\data.js","all":false,"statementMap":{"0":{"start":{"line":1,"column":0},"end":{"line":1,"column":21}},"1":{"start":{"line":2,"column":0},"end":{"line":2,"column":5}},"2":{"start":{"line":3,"column":0},"end":{"line":3,"column":14}},"3":{"start":{"line":4,"column":0},"end":{"line":4,"column":26}},"4":{"start":{"line":5,"column":0},"end":{"line":5,"column":67}},"5":{"start":{"line":6,"column":0},"end":{"line":6,"column":19}},"6":{"start":{"line":7,"column":0},"end":{"line":7,"column":34}},"7":{"start":{"line":8,"column":0},"end":{"line":8,"column":21}},"8":{"start":{"line":9,"column":0},"end":{"line":9,"column":18}},"9":{"start":{"line":10,"column":0},"end":{"line":10,"column":23}},"10":{"start":{"line":11,"column":0},"end":{"line":11,"column":32}},"11":{"start":{"line":12,"column":0},"end":{"line":12,"column":75}},"12":{"start":{"line":13,"column":0},"end":{"line":13,"column":17}},"13":{"start":{"line":14,"column":0},"end":{"line":14,"column":60}},"14":{"start":{"line":15,"column":0},"end":{"line":15,"column":60}},"15":{"start":{"line":16,"column":0},"end":{"line":16,"column":60}},"16":{"start":{"line":17,"column":0},"end":{"line":17,"column":68}},"17":{"start":{"line":18,"column":0},"end":{"line":18,"column":10}},"18":{"start":{"line":19,"column":0},"end":{"line":19,"column":6}},"19":{"start":{"line":20,"column":0},"end":{"line":20,"column":5}},"20":{"start":{"line":21,"column":0},"end":{"line":21,"column":14}},"21":{"start":{"line":22,"column":0},"end":{"line":22,"column":26}},"22":{"start":{"line":23,"column":0},"end":{"line":23,"column":125}},"23":{"start":{"line":24,"column":0},"end":{"line":24,"column":19}},"24":{"start":{"line":25,"column":0},"end":{"line":25,"column":34}},"25":{"start":{"line":26,"column":0},"end":{"line":26,"column":21}},"26":{"start":{"line":27,"column":0},"end":{"line":27,"column":18}},"27":{"start":{"line":28,"column":0},"end":{"line":28,"column":23}},"28":{"start":{"line":29,"column":0},"end":{"line":29,"column":32}},"29":{"start":{"line":30,"column":0},"end":{"line":30,"column":75}},"30":{"start":{"line":31,"column":0},"end":{"line":31,"column":17}},"31":{"start":{"line":32,"column":0},"end":{"line":32,"column":60}},"32":{"start":{"line":33,"column":0},"end":{"line":33,"column":60}},"33":{"start":{"line":34,"column":0},"end":{"line":34,"column":60}},"34":{"start":{"line":35,"column":0},"end":{"line":35,"column":68}},"35":{"start":{"line":36,"column":0},"end":{"line":36,"column":10}},"36":{"start":{"line":37,"column":0},"end":{"line":37,"column":6}},"37":{"start":{"line":38,"column":0},"end":{"line":38,"column":5}},"38":{"start":{"line":39,"column":0},"end":{"line":39,"column":14}},"39":{"start":{"line":40,"column":0},"end":{"line":40,"column":36}},"40":{"start":{"line":41,"column":0},"end":{"line":41,"column":86}},"41":{"start":{"line":42,"column":0},"end":{"line":42,"column":20}},"42":{"start":{"line":43,"column":0},"end":{"line":43,"column":34}},"43":{"start":{"line":44,"column":0},"end":{"line":44,"column":21}},"44":{"start":{"line":45,"column":0},"end":{"line":45,"column":18}},"45":{"start":{"line":46,"column":0},"end":{"line":46,"column":25}},"46":{"start":{"line":47,"column":0},"end":{"line":47,"column":32}},"47":{"start":{"line":48,"column":0},"end":{"line":48,"column":75}},"48":{"start":{"line":49,"column":0},"end":{"line":49,"column":66}},"49":{"start":{"line":50,"column":0},"end":{"line":50,"column":6}},"50":{"start":{"line":51,"column":0},"end":{"line":51,"column":5}},"51":{"start":{"line":52,"column":0},"end":{"line":52,"column":14}},"52":{"start":{"line":53,"column":0},"end":{"line":53,"column":25}},"53":{"start":{"line":54,"column":0},"end":{"line":54,"column":71}},"54":{"start":{"line":55,"column":0},"end":{"line":55,"column":19}},"55":{"start":{"line":56,"column":0},"end":{"line":56,"column":34}},"56":{"start":{"line":57,"column":0},"end":{"line":57,"column":20}},"57":{"start":{"line":58,"column":0},"end":{"line":58,"column":19}},"58":{"start":{"line":59,"column":0},"end":{"line":59,"column":22}},"59":{"start":{"line":60,"column":0},"end":{"line":60,"column":32}},"60":{"start":{"line":61,"column":0},"end":{"line":61,"column":75}},"61":{"start":{"line":62,"column":0},"end":{"line":62,"column":17}},"62":{"start":{"line":63,"column":0},"end":{"line":63,"column":60}},"63":{"start":{"line":64,"column":0},"end":{"line":64,"column":60}},"64":{"start":{"line":65,"column":0},"end":{"line":65,"column":60}},"65":{"start":{"line":66,"column":0},"end":{"line":66,"column":60}},"66":{"start":{"line":67,"column":0},"end":{"line":67,"column":68}},"67":{"start":{"line":68,"column":0},"end":{"line":68,"column":10}},"68":{"start":{"line":69,"column":0},"end":{"line":69,"column":6}},"69":{"start":{"line":70,"column":0},"end":{"line":70,"column":5}},"70":{"start":{"line":71,"column":0},"end":{"line":71,"column":14}},"71":{"start":{"line":72,"column":0},"end":{"line":72,"column":28}},"72":{"start":{"line":73,"column":0},"end":{"line":73,"column":154}},"73":{"start":{"line":74,"column":0},"end":{"line":74,"column":19}},"74":{"start":{"line":75,"column":0},"end":{"line":75,"column":34}},"75":{"start":{"line":76,"column":0},"end":{"line":76,"column":21}},"76":{"start":{"line":77,"column":0},"end":{"line":77,"column":18}},"77":{"start":{"line":78,"column":0},"end":{"line":78,"column":24}},"78":{"start":{"line":79,"column":0},"end":{"line":79,"column":32}},"79":{"start":{"line":80,"column":0},"end":{"line":80,"column":75}},"80":{"start":{"line":81,"column":0},"end":{"line":81,"column":17}},"81":{"start":{"line":82,"column":0},"end":{"line":82,"column":60}},"82":{"start":{"line":83,"column":0},"end":{"line":83,"column":60}},"83":{"start":{"line":84,"column":0},"end":{"line":84,"column":60}},"84":{"start":{"line":85,"column":0},"end":{"line":85,"column":10}},"85":{"start":{"line":86,"column":0},"end":{"line":86,"column":6}},"86":{"start":{"line":87,"column":0},"end":{"line":87,"column":5}},"87":{"start":{"line":88,"column":0},"end":{"line":88,"column":14}},"88":{"start":{"line":89,"column":0},"end":{"line":89,"column":29}},"89":{"start":{"line":90,"column":0},"end":{"line":90,"column":101}},"90":{"start":{"line":91,"column":0},"end":{"line":91,"column":20}},"91":{"start":{"line":92,"column":0},"end":{"line":92,"column":34}},"92":{"start":{"line":93,"column":0},"end":{"line":93,"column":21}},"93":{"start":{"line":94,"column":0},"end":{"line":94,"column":18}},"94":{"start":{"line":95,"column":0},"end":{"line":95,"column":23}},"95":{"start":{"line":96,"column":0},"end":{"line":96,"column":28}},"96":{"start":{"line":97,"column":0},"end":{"line":97,"column":75}},"97":{"start":{"line":98,"column":0},"end":{"line":98,"column":17}},"98":{"start":{"line":99,"column":0},"end":{"line":99,"column":60}},"99":{"start":{"line":100,"column":0},"end":{"line":100,"column":60}},"100":{"start":{"line":101,"column":0},"end":{"line":101,"column":60}},"101":{"start":{"line":102,"column":0},"end":{"line":102,"column":60}},"102":{"start":{"line":103,"column":0},"end":{"line":103,"column":10}},"103":{"start":{"line":104,"column":0},"end":{"line":104,"column":6}},"104":{"start":{"line":105,"column":0},"end":{"line":105,"column":5}},"105":{"start":{"line":106,"column":0},"end":{"line":106,"column":14}},"106":{"start":{"line":107,"column":0},"end":{"line":107,"column":37}},"107":{"start":{"line":108,"column":0},"end":{"line":108,"column":106}},"108":{"start":{"line":109,"column":0},"end":{"line":109,"column":20}},"109":{"start":{"line":110,"column":0},"end":{"line":110,"column":33}},"110":{"start":{"line":111,"column":0},"end":{"line":111,"column":21}},"111":{"start":{"line":112,"column":0},"end":{"line":112,"column":18}},"112":{"start":{"line":113,"column":0},"end":{"line":113,"column":25}},"113":{"start":{"line":114,"column":0},"end":{"line":114,"column":28}},"114":{"start":{"line":115,"column":0},"end":{"line":115,"column":75}},"115":{"start":{"line":116,"column":0},"end":{"line":116,"column":17}},"116":{"start":{"line":117,"column":0},"end":{"line":117,"column":60}},"117":{"start":{"line":118,"column":0},"end":{"line":118,"column":60}},"118":{"start":{"line":119,"column":0},"end":{"line":119,"column":60}},"119":{"start":{"line":120,"column":0},"end":{"line":120,"column":68}},"120":{"start":{"line":121,"column":0},"end":{"line":121,"column":10}},"121":{"start":{"line":122,"column":0},"end":{"line":122,"column":6}},"122":{"start":{"line":123,"column":0},"end":{"line":123,"column":5}},"123":{"start":{"line":124,"column":0},"end":{"line":124,"column":14}},"124":{"start":{"line":125,"column":0},"end":{"line":125,"column":44}},"125":{"start":{"line":126,"column":0},"end":{"line":126,"column":133}},"126":{"start":{"line":127,"column":0},"end":{"line":127,"column":20}},"127":{"start":{"line":128,"column":0},"end":{"line":128,"column":34}},"128":{"start":{"line":129,"column":0},"end":{"line":129,"column":21}},"129":{"start":{"line":130,"column":0},"end":{"line":130,"column":18}},"130":{"start":{"line":131,"column":0},"end":{"line":131,"column":35}},"131":{"start":{"line":132,"column":0},"end":{"line":132,"column":28}},"132":{"start":{"line":133,"column":0},"end":{"line":133,"column":75}},"133":{"start":{"line":134,"column":0},"end":{"line":134,"column":17}},"134":{"start":{"line":135,"column":0},"end":{"line":135,"column":60}},"135":{"start":{"line":136,"column":0},"end":{"line":136,"column":60}},"136":{"start":{"line":137,"column":0},"end":{"line":137,"column":60}},"137":{"start":{"line":138,"column":0},"end":{"line":138,"column":60}},"138":{"start":{"line":139,"column":0},"end":{"line":139,"column":68}},"139":{"start":{"line":140,"column":0},"end":{"line":140,"column":10}},"140":{"start":{"line":141,"column":0},"end":{"line":141,"column":6}},"141":{"start":{"line":142,"column":0},"end":{"line":142,"column":5}},"142":{"start":{"line":143,"column":0},"end":{"line":143,"column":14}},"143":{"start":{"line":144,"column":0},"end":{"line":144,"column":32}},"144":{"start":{"line":145,"column":0},"end":{"line":145,"column":92}},"145":{"start":{"line":146,"column":0},"end":{"line":146,"column":20}},"146":{"start":{"line":147,"column":0},"end":{"line":147,"column":34}},"147":{"start":{"line":148,"column":0},"end":{"line":148,"column":21}},"148":{"start":{"line":149,"column":0},"end":{"line":149,"column":18}},"149":{"start":{"line":150,"column":0},"end":{"line":150,"column":25}},"150":{"start":{"line":151,"column":0},"end":{"line":151,"column":28}},"151":{"start":{"line":152,"column":0},"end":{"line":152,"column":75}},"152":{"start":{"line":153,"column":0},"end":{"line":153,"column":17}},"153":{"start":{"line":154,"column":0},"end":{"line":154,"column":60}},"154":{"start":{"line":155,"column":0},"end":{"line":155,"column":60}},"155":{"start":{"line":156,"column":0},"end":{"line":156,"column":60}},"156":{"start":{"line":157,"column":0},"end":{"line":157,"column":60}},"157":{"start":{"line":158,"column":0},"end":{"line":158,"column":68}},"158":{"start":{"line":159,"column":0},"end":{"line":159,"column":10}},"159":{"start":{"line":160,"column":0},"end":{"line":160,"column":6}},"160":{"start":{"line":161,"column":0},"end":{"line":161,"column":5}},"161":{"start":{"line":162,"column":0},"end":{"line":162,"column":15}},"162":{"start":{"line":163,"column":0},"end":{"line":163,"column":41}},"163":{"start":{"line":164,"column":0},"end":{"line":164,"column":120}},"164":{"start":{"line":165,"column":0},"end":{"line":165,"column":20}},"165":{"start":{"line":166,"column":0},"end":{"line":166,"column":33}},"166":{"start":{"line":167,"column":0},"end":{"line":167,"column":21}},"167":{"start":{"line":168,"column":0},"end":{"line":168,"column":18}},"168":{"start":{"line":169,"column":0},"end":{"line":169,"column":29}},"169":{"start":{"line":170,"column":0},"end":{"line":170,"column":28}},"170":{"start":{"line":171,"column":0},"end":{"line":171,"column":77}},"171":{"start":{"line":172,"column":0},"end":{"line":172,"column":17}},"172":{"start":{"line":173,"column":0},"end":{"line":173,"column":61}},"173":{"start":{"line":174,"column":0},"end":{"line":174,"column":61}},"174":{"start":{"line":175,"column":0},"end":{"line":175,"column":61}},"175":{"start":{"line":176,"column":0},"end":{"line":176,"column":70}},"176":{"start":{"line":177,"column":0},"end":{"line":177,"column":10}},"177":{"start":{"line":178,"column":0},"end":{"line":178,"column":6}},"178":{"start":{"line":179,"column":0},"end":{"line":179,"column":5}},"179":{"start":{"line":180,"column":0},"end":{"line":180,"column":15}},"180":{"start":{"line":181,"column":0},"end":{"line":181,"column":29}},"181":{"start":{"line":182,"column":0},"end":{"line":182,"column":113}},"182":{"start":{"line":183,"column":0},"end":{"line":183,"column":18}},"183":{"start":{"line":184,"column":0},"end":{"line":184,"column":32}},"184":{"start":{"line":185,"column":0},"end":{"line":185,"column":21}},"185":{"start":{"line":186,"column":0},"end":{"line":186,"column":18}},"186":{"start":{"line":187,"column":0},"end":{"line":187,"column":44}},"187":{"start":{"line":188,"column":0},"end":{"line":188,"column":31}},"188":{"start":{"line":189,"column":0},"end":{"line":189,"column":76}},"189":{"start":{"line":190,"column":0},"end":{"line":190,"column":17}},"190":{"start":{"line":191,"column":0},"end":{"line":191,"column":61}},"191":{"start":{"line":192,"column":0},"end":{"line":192,"column":61}},"192":{"start":{"line":193,"column":0},"end":{"line":193,"column":61}},"193":{"start":{"line":194,"column":0},"end":{"line":194,"column":69}},"194":{"start":{"line":195,"column":0},"end":{"line":195,"column":10}},"195":{"start":{"line":196,"column":0},"end":{"line":196,"column":6}},"196":{"start":{"line":197,"column":0},"end":{"line":197,"column":5}},"197":{"start":{"line":198,"column":0},"end":{"line":198,"column":15}},"198":{"start":{"line":199,"column":0},"end":{"line":199,"column":31}},"199":{"start":{"line":200,"column":0},"end":{"line":200,"column":80}},"200":{"start":{"line":201,"column":0},"end":{"line":201,"column":18}},"201":{"start":{"line":202,"column":0},"end":{"line":202,"column":34}},"202":{"start":{"line":203,"column":0},"end":{"line":203,"column":18}},"203":{"start":{"line":204,"column":0},"end":{"line":204,"column":18}},"204":{"start":{"line":205,"column":0},"end":{"line":205,"column":30}},"205":{"start":{"line":206,"column":0},"end":{"line":206,"column":31}},"206":{"start":{"line":207,"column":0},"end":{"line":207,"column":76}},"207":{"start":{"line":208,"column":0},"end":{"line":208,"column":17}},"208":{"start":{"line":209,"column":0},"end":{"line":209,"column":61}},"209":{"start":{"line":210,"column":0},"end":{"line":210,"column":61}},"210":{"start":{"line":211,"column":0},"end":{"line":211,"column":61}},"211":{"start":{"line":212,"column":0},"end":{"line":212,"column":61}},"212":{"start":{"line":213,"column":0},"end":{"line":213,"column":69}},"213":{"start":{"line":214,"column":0},"end":{"line":214,"column":10}},"214":{"start":{"line":215,"column":0},"end":{"line":215,"column":6}},"215":{"start":{"line":216,"column":0},"end":{"line":216,"column":5}},"216":{"start":{"line":217,"column":0},"end":{"line":217,"column":15}},"217":{"start":{"line":218,"column":0},"end":{"line":218,"column":44}},"218":{"start":{"line":219,"column":0},"end":{"line":219,"column":123}},"219":{"start":{"line":220,"column":0},"end":{"line":220,"column":18}},"220":{"start":{"line":221,"column":0},"end":{"line":221,"column":33}},"221":{"start":{"line":222,"column":0},"end":{"line":222,"column":21}},"222":{"start":{"line":223,"column":0},"end":{"line":223,"column":18}},"223":{"start":{"line":224,"column":0},"end":{"line":224,"column":36}},"224":{"start":{"line":225,"column":0},"end":{"line":225,"column":31}},"225":{"start":{"line":226,"column":0},"end":{"line":226,"column":77}},"226":{"start":{"line":227,"column":0},"end":{"line":227,"column":17}},"227":{"start":{"line":228,"column":0},"end":{"line":228,"column":61}},"228":{"start":{"line":229,"column":0},"end":{"line":229,"column":61}},"229":{"start":{"line":230,"column":0},"end":{"line":230,"column":61}},"230":{"start":{"line":231,"column":0},"end":{"line":231,"column":61}},"231":{"start":{"line":232,"column":0},"end":{"line":232,"column":70}},"232":{"start":{"line":233,"column":0},"end":{"line":233,"column":10}},"233":{"start":{"line":234,"column":0},"end":{"line":234,"column":6}},"234":{"start":{"line":235,"column":0},"end":{"line":235,"column":5}},"235":{"start":{"line":236,"column":0},"end":{"line":236,"column":15}},"236":{"start":{"line":237,"column":0},"end":{"line":237,"column":56}},"237":{"start":{"line":238,"column":0},"end":{"line":238,"column":133}},"238":{"start":{"line":239,"column":0},"end":{"line":239,"column":19}},"239":{"start":{"line":240,"column":0},"end":{"line":240,"column":33}},"240":{"start":{"line":241,"column":0},"end":{"line":241,"column":21}},"241":{"start":{"line":242,"column":0},"end":{"line":242,"column":19}},"242":{"start":{"line":243,"column":0},"end":{"line":243,"column":27}},"243":{"start":{"line":244,"column":0},"end":{"line":244,"column":31}},"244":{"start":{"line":245,"column":0},"end":{"line":245,"column":76}},"245":{"start":{"line":246,"column":0},"end":{"line":246,"column":17}},"246":{"start":{"line":247,"column":0},"end":{"line":247,"column":61}},"247":{"start":{"line":248,"column":0},"end":{"line":248,"column":61}},"248":{"start":{"line":249,"column":0},"end":{"line":249,"column":61}},"249":{"start":{"line":250,"column":0},"end":{"line":250,"column":69}},"250":{"start":{"line":251,"column":0},"end":{"line":251,"column":10}},"251":{"start":{"line":252,"column":0},"end":{"line":252,"column":6}},"252":{"start":{"line":253,"column":0},"end":{"line":253,"column":5}},"253":{"start":{"line":254,"column":0},"end":{"line":254,"column":15}},"254":{"start":{"line":255,"column":0},"end":{"line":255,"column":38}},"255":{"start":{"line":256,"column":0},"end":{"line":256,"column":96}},"256":{"start":{"line":257,"column":0},"end":{"line":257,"column":18}},"257":{"start":{"line":258,"column":0},"end":{"line":258,"column":34}},"258":{"start":{"line":259,"column":0},"end":{"line":259,"column":20}},"259":{"start":{"line":260,"column":0},"end":{"line":260,"column":19}},"260":{"start":{"line":261,"column":0},"end":{"line":261,"column":33}},"261":{"start":{"line":262,"column":0},"end":{"line":262,"column":31}},"262":{"start":{"line":263,"column":0},"end":{"line":263,"column":76}},"263":{"start":{"line":264,"column":0},"end":{"line":264,"column":17}},"264":{"start":{"line":265,"column":0},"end":{"line":265,"column":61}},"265":{"start":{"line":266,"column":0},"end":{"line":266,"column":61}},"266":{"start":{"line":267,"column":0},"end":{"line":267,"column":61}},"267":{"start":{"line":268,"column":0},"end":{"line":268,"column":61}},"268":{"start":{"line":269,"column":0},"end":{"line":269,"column":69}},"269":{"start":{"line":270,"column":0},"end":{"line":270,"column":10}},"270":{"start":{"line":271,"column":0},"end":{"line":271,"column":6}},"271":{"start":{"line":272,"column":0},"end":{"line":272,"column":5}},"272":{"start":{"line":273,"column":0},"end":{"line":273,"column":15}},"273":{"start":{"line":274,"column":0},"end":{"line":274,"column":39}},"274":{"start":{"line":275,"column":0},"end":{"line":275,"column":119}},"275":{"start":{"line":276,"column":0},"end":{"line":276,"column":18}},"276":{"start":{"line":277,"column":0},"end":{"line":277,"column":34}},"277":{"start":{"line":278,"column":0},"end":{"line":278,"column":21}},"278":{"start":{"line":279,"column":0},"end":{"line":279,"column":19}},"279":{"start":{"line":280,"column":0},"end":{"line":280,"column":31}},"280":{"start":{"line":281,"column":0},"end":{"line":281,"column":29}},"281":{"start":{"line":282,"column":0},"end":{"line":282,"column":76}},"282":{"start":{"line":283,"column":0},"end":{"line":283,"column":17}},"283":{"start":{"line":284,"column":0},"end":{"line":284,"column":61}},"284":{"start":{"line":285,"column":0},"end":{"line":285,"column":62}},"285":{"start":{"line":286,"column":0},"end":{"line":286,"column":61}},"286":{"start":{"line":287,"column":0},"end":{"line":287,"column":61}},"287":{"start":{"line":288,"column":0},"end":{"line":288,"column":69}},"288":{"start":{"line":289,"column":0},"end":{"line":289,"column":10}},"289":{"start":{"line":290,"column":0},"end":{"line":290,"column":6}},"290":{"start":{"line":291,"column":0},"end":{"line":291,"column":5}},"291":{"start":{"line":292,"column":0},"end":{"line":292,"column":15}},"292":{"start":{"line":293,"column":0},"end":{"line":293,"column":31}},"293":{"start":{"line":294,"column":0},"end":{"line":294,"column":140}},"294":{"start":{"line":295,"column":0},"end":{"line":295,"column":18}},"295":{"start":{"line":296,"column":0},"end":{"line":296,"column":33}},"296":{"start":{"line":297,"column":0},"end":{"line":297,"column":21}},"297":{"start":{"line":298,"column":0},"end":{"line":298,"column":18}},"298":{"start":{"line":299,"column":0},"end":{"line":299,"column":28}},"299":{"start":{"line":300,"column":0},"end":{"line":300,"column":29}},"300":{"start":{"line":301,"column":0},"end":{"line":301,"column":76}},"301":{"start":{"line":302,"column":0},"end":{"line":302,"column":17}},"302":{"start":{"line":303,"column":0},"end":{"line":303,"column":61}},"303":{"start":{"line":304,"column":0},"end":{"line":304,"column":61}},"304":{"start":{"line":305,"column":0},"end":{"line":305,"column":61}},"305":{"start":{"line":306,"column":0},"end":{"line":306,"column":69}},"306":{"start":{"line":307,"column":0},"end":{"line":307,"column":10}},"307":{"start":{"line":308,"column":0},"end":{"line":308,"column":6}},"308":{"start":{"line":309,"column":0},"end":{"line":309,"column":5}},"309":{"start":{"line":310,"column":0},"end":{"line":310,"column":15}},"310":{"start":{"line":311,"column":0},"end":{"line":311,"column":44}},"311":{"start":{"line":312,"column":0},"end":{"line":312,"column":136}},"312":{"start":{"line":313,"column":0},"end":{"line":313,"column":18}},"313":{"start":{"line":314,"column":0},"end":{"line":314,"column":33}},"314":{"start":{"line":315,"column":0},"end":{"line":315,"column":21}},"315":{"start":{"line":316,"column":0},"end":{"line":316,"column":18}},"316":{"start":{"line":317,"column":0},"end":{"line":317,"column":25}},"317":{"start":{"line":318,"column":0},"end":{"line":318,"column":29}},"318":{"start":{"line":319,"column":0},"end":{"line":319,"column":76}},"319":{"start":{"line":320,"column":0},"end":{"line":320,"column":17}},"320":{"start":{"line":321,"column":0},"end":{"line":321,"column":61}},"321":{"start":{"line":322,"column":0},"end":{"line":322,"column":61}},"322":{"start":{"line":323,"column":0},"end":{"line":323,"column":61}},"323":{"start":{"line":324,"column":0},"end":{"line":324,"column":61}},"324":{"start":{"line":325,"column":0},"end":{"line":325,"column":69}},"325":{"start":{"line":326,"column":0},"end":{"line":326,"column":10}},"326":{"start":{"line":327,"column":0},"end":{"line":327,"column":6}},"327":{"start":{"line":328,"column":0},"end":{"line":328,"column":5}},"328":{"start":{"line":329,"column":0},"end":{"line":329,"column":15}},"329":{"start":{"line":330,"column":0},"end":{"line":330,"column":36}},"330":{"start":{"line":331,"column":0},"end":{"line":331,"column":106}},"331":{"start":{"line":332,"column":0},"end":{"line":332,"column":18}},"332":{"start":{"line":333,"column":0},"end":{"line":333,"column":34}},"333":{"start":{"line":334,"column":0},"end":{"line":334,"column":21}},"334":{"start":{"line":335,"column":0},"end":{"line":335,"column":18}},"335":{"start":{"line":336,"column":0},"end":{"line":336,"column":34}},"336":{"start":{"line":337,"column":0},"end":{"line":337,"column":29}},"337":{"start":{"line":338,"column":0},"end":{"line":338,"column":76}},"338":{"start":{"line":339,"column":0},"end":{"line":339,"column":17}},"339":{"start":{"line":340,"column":0},"end":{"line":340,"column":61}},"340":{"start":{"line":341,"column":0},"end":{"line":341,"column":61}},"341":{"start":{"line":342,"column":0},"end":{"line":342,"column":61}},"342":{"start":{"line":343,"column":0},"end":{"line":343,"column":69}},"343":{"start":{"line":344,"column":0},"end":{"line":344,"column":10}},"344":{"start":{"line":345,"column":0},"end":{"line":345,"column":6}},"345":{"start":{"line":346,"column":0},"end":{"line":346,"column":5}},"346":{"start":{"line":347,"column":0},"end":{"line":347,"column":15}},"347":{"start":{"line":348,"column":0},"end":{"line":348,"column":47}},"348":{"start":{"line":349,"column":0},"end":{"line":349,"column":175}},"349":{"start":{"line":350,"column":0},"end":{"line":350,"column":18}},"350":{"start":{"line":351,"column":0},"end":{"line":351,"column":34}},"351":{"start":{"line":352,"column":0},"end":{"line":352,"column":21}},"352":{"start":{"line":353,"column":0},"end":{"line":353,"column":19}},"353":{"start":{"line":354,"column":0},"end":{"line":354,"column":30}},"354":{"start":{"line":355,"column":0},"end":{"line":355,"column":29}},"355":{"start":{"line":356,"column":0},"end":{"line":356,"column":76}},"356":{"start":{"line":357,"column":0},"end":{"line":357,"column":17}},"357":{"start":{"line":358,"column":0},"end":{"line":358,"column":61}},"358":{"start":{"line":359,"column":0},"end":{"line":359,"column":61}},"359":{"start":{"line":360,"column":0},"end":{"line":360,"column":61}},"360":{"start":{"line":361,"column":0},"end":{"line":361,"column":61}},"361":{"start":{"line":362,"column":0},"end":{"line":362,"column":69}},"362":{"start":{"line":363,"column":0},"end":{"line":363,"column":10}},"363":{"start":{"line":364,"column":0},"end":{"line":364,"column":6}},"364":{"start":{"line":365,"column":0},"end":{"line":365,"column":5}},"365":{"start":{"line":366,"column":0},"end":{"line":366,"column":15}},"366":{"start":{"line":367,"column":0},"end":{"line":367,"column":41}},"367":{"start":{"line":368,"column":0},"end":{"line":368,"column":81}},"368":{"start":{"line":369,"column":0},"end":{"line":369,"column":18}},"369":{"start":{"line":370,"column":0},"end":{"line":370,"column":33}},"370":{"start":{"line":371,"column":0},"end":{"line":371,"column":21}},"371":{"start":{"line":372,"column":0},"end":{"line":372,"column":19}},"372":{"start":{"line":373,"column":0},"end":{"line":373,"column":30}},"373":{"start":{"line":374,"column":0},"end":{"line":374,"column":30}},"374":{"start":{"line":375,"column":0},"end":{"line":375,"column":76}},"375":{"start":{"line":376,"column":0},"end":{"line":376,"column":17}},"376":{"start":{"line":377,"column":0},"end":{"line":377,"column":61}},"377":{"start":{"line":378,"column":0},"end":{"line":378,"column":61}},"378":{"start":{"line":379,"column":0},"end":{"line":379,"column":61}},"379":{"start":{"line":380,"column":0},"end":{"line":380,"column":10}},"380":{"start":{"line":381,"column":0},"end":{"line":381,"column":6}},"381":{"start":{"line":382,"column":0},"end":{"line":382,"column":5}},"382":{"start":{"line":383,"column":0},"end":{"line":383,"column":15}},"383":{"start":{"line":384,"column":0},"end":{"line":384,"column":41}},"384":{"start":{"line":385,"column":0},"end":{"line":385,"column":82}},"385":{"start":{"line":386,"column":0},"end":{"line":386,"column":18}},"386":{"start":{"line":387,"column":0},"end":{"line":387,"column":34}},"387":{"start":{"line":388,"column":0},"end":{"line":388,"column":21}},"388":{"start":{"line":389,"column":0},"end":{"line":389,"column":19}},"389":{"start":{"line":390,"column":0},"end":{"line":390,"column":33}},"390":{"start":{"line":391,"column":0},"end":{"line":391,"column":30}},"391":{"start":{"line":392,"column":0},"end":{"line":392,"column":76}},"392":{"start":{"line":393,"column":0},"end":{"line":393,"column":17}},"393":{"start":{"line":394,"column":0},"end":{"line":394,"column":61}},"394":{"start":{"line":395,"column":0},"end":{"line":395,"column":61}},"395":{"start":{"line":396,"column":0},"end":{"line":396,"column":61}},"396":{"start":{"line":397,"column":0},"end":{"line":397,"column":10}},"397":{"start":{"line":398,"column":0},"end":{"line":398,"column":6}},"398":{"start":{"line":399,"column":0},"end":{"line":399,"column":5}},"399":{"start":{"line":400,"column":0},"end":{"line":400,"column":15}},"400":{"start":{"line":401,"column":0},"end":{"line":401,"column":44}},"401":{"start":{"line":402,"column":0},"end":{"line":402,"column":100}},"402":{"start":{"line":403,"column":0},"end":{"line":403,"column":18}},"403":{"start":{"line":404,"column":0},"end":{"line":404,"column":33}},"404":{"start":{"line":405,"column":0},"end":{"line":405,"column":21}},"405":{"start":{"line":406,"column":0},"end":{"line":406,"column":18}},"406":{"start":{"line":407,"column":0},"end":{"line":407,"column":35}},"407":{"start":{"line":408,"column":0},"end":{"line":408,"column":30}},"408":{"start":{"line":409,"column":0},"end":{"line":409,"column":76}},"409":{"start":{"line":410,"column":0},"end":{"line":410,"column":17}},"410":{"start":{"line":411,"column":0},"end":{"line":411,"column":61}},"411":{"start":{"line":412,"column":0},"end":{"line":412,"column":61}},"412":{"start":{"line":413,"column":0},"end":{"line":413,"column":61}},"413":{"start":{"line":414,"column":0},"end":{"line":414,"column":61}},"414":{"start":{"line":415,"column":0},"end":{"line":415,"column":69}},"415":{"start":{"line":416,"column":0},"end":{"line":416,"column":10}},"416":{"start":{"line":417,"column":0},"end":{"line":417,"column":6}},"417":{"start":{"line":418,"column":0},"end":{"line":418,"column":5}},"418":{"start":{"line":419,"column":0},"end":{"line":419,"column":15}},"419":{"start":{"line":420,"column":0},"end":{"line":420,"column":43}},"420":{"start":{"line":421,"column":0},"end":{"line":421,"column":180}},"421":{"start":{"line":422,"column":0},"end":{"line":422,"column":18}},"422":{"start":{"line":423,"column":0},"end":{"line":423,"column":33}},"423":{"start":{"line":424,"column":0},"end":{"line":424,"column":21}},"424":{"start":{"line":425,"column":0},"end":{"line":425,"column":19}},"425":{"start":{"line":426,"column":0},"end":{"line":426,"column":23}},"426":{"start":{"line":427,"column":0},"end":{"line":427,"column":30}},"427":{"start":{"line":428,"column":0},"end":{"line":428,"column":76}},"428":{"start":{"line":429,"column":0},"end":{"line":429,"column":17}},"429":{"start":{"line":430,"column":0},"end":{"line":430,"column":61}},"430":{"start":{"line":431,"column":0},"end":{"line":431,"column":61}},"431":{"start":{"line":432,"column":0},"end":{"line":432,"column":61}},"432":{"start":{"line":433,"column":0},"end":{"line":433,"column":61}},"433":{"start":{"line":434,"column":0},"end":{"line":434,"column":69}},"434":{"start":{"line":435,"column":0},"end":{"line":435,"column":10}},"435":{"start":{"line":436,"column":0},"end":{"line":436,"column":6}},"436":{"start":{"line":437,"column":0},"end":{"line":437,"column":5}},"437":{"start":{"line":438,"column":0},"end":{"line":438,"column":15}},"438":{"start":{"line":439,"column":0},"end":{"line":439,"column":38}},"439":{"start":{"line":440,"column":0},"end":{"line":440,"column":83}},"440":{"start":{"line":441,"column":0},"end":{"line":441,"column":18}},"441":{"start":{"line":442,"column":0},"end":{"line":442,"column":34}},"442":{"start":{"line":443,"column":0},"end":{"line":443,"column":21}},"443":{"start":{"line":444,"column":0},"end":{"line":444,"column":18}},"444":{"start":{"line":445,"column":0},"end":{"line":445,"column":26}},"445":{"start":{"line":446,"column":0},"end":{"line":446,"column":30}},"446":{"start":{"line":447,"column":0},"end":{"line":447,"column":76}},"447":{"start":{"line":448,"column":0},"end":{"line":448,"column":17}},"448":{"start":{"line":449,"column":0},"end":{"line":449,"column":61}},"449":{"start":{"line":450,"column":0},"end":{"line":450,"column":61}},"450":{"start":{"line":451,"column":0},"end":{"line":451,"column":61}},"451":{"start":{"line":452,"column":0},"end":{"line":452,"column":61}},"452":{"start":{"line":453,"column":0},"end":{"line":453,"column":69}},"453":{"start":{"line":454,"column":0},"end":{"line":454,"column":10}},"454":{"start":{"line":455,"column":0},"end":{"line":455,"column":6}},"455":{"start":{"line":456,"column":0},"end":{"line":456,"column":5}},"456":{"start":{"line":457,"column":0},"end":{"line":457,"column":15}},"457":{"start":{"line":458,"column":0},"end":{"line":458,"column":39}},"458":{"start":{"line":459,"column":0},"end":{"line":459,"column":99}},"459":{"start":{"line":460,"column":0},"end":{"line":460,"column":18}},"460":{"start":{"line":461,"column":0},"end":{"line":461,"column":34}},"461":{"start":{"line":462,"column":0},"end":{"line":462,"column":21}},"462":{"start":{"line":463,"column":0},"end":{"line":463,"column":19}},"463":{"start":{"line":464,"column":0},"end":{"line":464,"column":28}},"464":{"start":{"line":465,"column":0},"end":{"line":465,"column":36}},"465":{"start":{"line":466,"column":0},"end":{"line":466,"column":76}},"466":{"start":{"line":467,"column":0},"end":{"line":467,"column":17}},"467":{"start":{"line":468,"column":0},"end":{"line":468,"column":61}},"468":{"start":{"line":469,"column":0},"end":{"line":469,"column":61}},"469":{"start":{"line":470,"column":0},"end":{"line":470,"column":61}},"470":{"start":{"line":471,"column":0},"end":{"line":471,"column":61}},"471":{"start":{"line":472,"column":0},"end":{"line":472,"column":61}},"472":{"start":{"line":473,"column":0},"end":{"line":473,"column":69}},"473":{"start":{"line":474,"column":0},"end":{"line":474,"column":10}},"474":{"start":{"line":475,"column":0},"end":{"line":475,"column":6}},"475":{"start":{"line":476,"column":0},"end":{"line":476,"column":5}},"476":{"start":{"line":477,"column":0},"end":{"line":477,"column":15}},"477":{"start":{"line":478,"column":0},"end":{"line":478,"column":36}},"478":{"start":{"line":479,"column":0},"end":{"line":479,"column":134}},"479":{"start":{"line":480,"column":0},"end":{"line":480,"column":18}},"480":{"start":{"line":481,"column":0},"end":{"line":481,"column":34}},"481":{"start":{"line":482,"column":0},"end":{"line":482,"column":21}},"482":{"start":{"line":483,"column":0},"end":{"line":483,"column":18}},"483":{"start":{"line":484,"column":0},"end":{"line":484,"column":31}},"484":{"start":{"line":485,"column":0},"end":{"line":485,"column":36}},"485":{"start":{"line":486,"column":0},"end":{"line":486,"column":77}},"486":{"start":{"line":487,"column":0},"end":{"line":487,"column":17}},"487":{"start":{"line":488,"column":0},"end":{"line":488,"column":61}},"488":{"start":{"line":489,"column":0},"end":{"line":489,"column":61}},"489":{"start":{"line":490,"column":0},"end":{"line":490,"column":61}},"490":{"start":{"line":491,"column":0},"end":{"line":491,"column":61}},"491":{"start":{"line":492,"column":0},"end":{"line":492,"column":70}},"492":{"start":{"line":493,"column":0},"end":{"line":493,"column":10}},"493":{"start":{"line":494,"column":0},"end":{"line":494,"column":6}},"494":{"start":{"line":495,"column":0},"end":{"line":495,"column":5}},"495":{"start":{"line":496,"column":0},"end":{"line":496,"column":15}},"496":{"start":{"line":497,"column":0},"end":{"line":497,"column":43}},"497":{"start":{"line":498,"column":0},"end":{"line":498,"column":114}},"498":{"start":{"line":499,"column":0},"end":{"line":499,"column":18}},"499":{"start":{"line":500,"column":0},"end":{"line":500,"column":34}},"500":{"start":{"line":501,"column":0},"end":{"line":501,"column":21}},"501":{"start":{"line":502,"column":0},"end":{"line":502,"column":18}},"502":{"start":{"line":503,"column":0},"end":{"line":503,"column":28}},"503":{"start":{"line":504,"column":0},"end":{"line":504,"column":36}},"504":{"start":{"line":505,"column":0},"end":{"line":505,"column":76}},"505":{"start":{"line":506,"column":0},"end":{"line":506,"column":17}},"506":{"start":{"line":507,"column":0},"end":{"line":507,"column":61}},"507":{"start":{"line":508,"column":0},"end":{"line":508,"column":61}},"508":{"start":{"line":509,"column":0},"end":{"line":509,"column":61}},"509":{"start":{"line":510,"column":0},"end":{"line":510,"column":61}},"510":{"start":{"line":511,"column":0},"end":{"line":511,"column":69}},"511":{"start":{"line":512,"column":0},"end":{"line":512,"column":10}},"512":{"start":{"line":513,"column":0},"end":{"line":513,"column":6}},"513":{"start":{"line":514,"column":0},"end":{"line":514,"column":5}},"514":{"start":{"line":515,"column":0},"end":{"line":515,"column":15}},"515":{"start":{"line":516,"column":0},"end":{"line":516,"column":41}},"516":{"start":{"line":517,"column":0},"end":{"line":517,"column":132}},"517":{"start":{"line":518,"column":0},"end":{"line":518,"column":18}},"518":{"start":{"line":519,"column":0},"end":{"line":519,"column":34}},"519":{"start":{"line":520,"column":0},"end":{"line":520,"column":21}},"520":{"start":{"line":521,"column":0},"end":{"line":521,"column":17}},"521":{"start":{"line":522,"column":0},"end":{"line":522,"column":31}},"522":{"start":{"line":523,"column":0},"end":{"line":523,"column":36}},"523":{"start":{"line":524,"column":0},"end":{"line":524,"column":77}},"524":{"start":{"line":525,"column":0},"end":{"line":525,"column":17}},"525":{"start":{"line":526,"column":0},"end":{"line":526,"column":61}},"526":{"start":{"line":527,"column":0},"end":{"line":527,"column":61}},"527":{"start":{"line":528,"column":0},"end":{"line":528,"column":62}},"528":{"start":{"line":529,"column":0},"end":{"line":529,"column":62}},"529":{"start":{"line":530,"column":0},"end":{"line":530,"column":70}},"530":{"start":{"line":531,"column":0},"end":{"line":531,"column":10}},"531":{"start":{"line":532,"column":0},"end":{"line":532,"column":6}},"532":{"start":{"line":533,"column":0},"end":{"line":533,"column":5}},"533":{"start":{"line":534,"column":0},"end":{"line":534,"column":15}},"534":{"start":{"line":535,"column":0},"end":{"line":535,"column":28}},"535":{"start":{"line":536,"column":0},"end":{"line":536,"column":105}},"536":{"start":{"line":537,"column":0},"end":{"line":537,"column":18}},"537":{"start":{"line":538,"column":0},"end":{"line":538,"column":33}},"538":{"start":{"line":539,"column":0},"end":{"line":539,"column":21}},"539":{"start":{"line":540,"column":0},"end":{"line":540,"column":18}},"540":{"start":{"line":541,"column":0},"end":{"line":541,"column":24}},"541":{"start":{"line":542,"column":0},"end":{"line":542,"column":36}},"542":{"start":{"line":543,"column":0},"end":{"line":543,"column":76}},"543":{"start":{"line":544,"column":0},"end":{"line":544,"column":17}},"544":{"start":{"line":545,"column":0},"end":{"line":545,"column":61}},"545":{"start":{"line":546,"column":0},"end":{"line":546,"column":61}},"546":{"start":{"line":547,"column":0},"end":{"line":547,"column":61}},"547":{"start":{"line":548,"column":0},"end":{"line":548,"column":69}},"548":{"start":{"line":549,"column":0},"end":{"line":549,"column":10}},"549":{"start":{"line":550,"column":0},"end":{"line":550,"column":6}},"550":{"start":{"line":551,"column":0},"end":{"line":551,"column":5}},"551":{"start":{"line":552,"column":0},"end":{"line":552,"column":15}},"552":{"start":{"line":553,"column":0},"end":{"line":553,"column":36}},"553":{"start":{"line":554,"column":0},"end":{"line":554,"column":116}},"554":{"start":{"line":555,"column":0},"end":{"line":555,"column":18}},"555":{"start":{"line":556,"column":0},"end":{"line":556,"column":31}},"556":{"start":{"line":557,"column":0},"end":{"line":557,"column":21}},"557":{"start":{"line":558,"column":0},"end":{"line":558,"column":19}},"558":{"start":{"line":559,"column":0},"end":{"line":559,"column":35}},"559":{"start":{"line":560,"column":0},"end":{"line":560,"column":30}},"560":{"start":{"line":561,"column":0},"end":{"line":561,"column":76}},"561":{"start":{"line":562,"column":0},"end":{"line":562,"column":17}},"562":{"start":{"line":563,"column":0},"end":{"line":563,"column":61}},"563":{"start":{"line":564,"column":0},"end":{"line":564,"column":61}},"564":{"start":{"line":565,"column":0},"end":{"line":565,"column":61}},"565":{"start":{"line":566,"column":0},"end":{"line":566,"column":61}},"566":{"start":{"line":567,"column":0},"end":{"line":567,"column":69}},"567":{"start":{"line":568,"column":0},"end":{"line":568,"column":10}},"568":{"start":{"line":569,"column":0},"end":{"line":569,"column":6}},"569":{"start":{"line":570,"column":0},"end":{"line":570,"column":5}},"570":{"start":{"line":571,"column":0},"end":{"line":571,"column":15}},"571":{"start":{"line":572,"column":0},"end":{"line":572,"column":37}},"572":{"start":{"line":573,"column":0},"end":{"line":573,"column":92}},"573":{"start":{"line":574,"column":0},"end":{"line":574,"column":18}},"574":{"start":{"line":575,"column":0},"end":{"line":575,"column":34}},"575":{"start":{"line":576,"column":0},"end":{"line":576,"column":21}},"576":{"start":{"line":577,"column":0},"end":{"line":577,"column":18}},"577":{"start":{"line":578,"column":0},"end":{"line":578,"column":33}},"578":{"start":{"line":579,"column":0},"end":{"line":579,"column":30}},"579":{"start":{"line":580,"column":0},"end":{"line":580,"column":76}},"580":{"start":{"line":581,"column":0},"end":{"line":581,"column":17}},"581":{"start":{"line":582,"column":0},"end":{"line":582,"column":61}},"582":{"start":{"line":583,"column":0},"end":{"line":583,"column":61}},"583":{"start":{"line":584,"column":0},"end":{"line":584,"column":61}},"584":{"start":{"line":585,"column":0},"end":{"line":585,"column":69}},"585":{"start":{"line":586,"column":0},"end":{"line":586,"column":10}},"586":{"start":{"line":587,"column":0},"end":{"line":587,"column":6}},"587":{"start":{"line":588,"column":0},"end":{"line":588,"column":5}},"588":{"start":{"line":589,"column":0},"end":{"line":589,"column":15}},"589":{"start":{"line":590,"column":0},"end":{"line":590,"column":39}},"590":{"start":{"line":591,"column":0},"end":{"line":591,"column":103}},"591":{"start":{"line":592,"column":0},"end":{"line":592,"column":19}},"592":{"start":{"line":593,"column":0},"end":{"line":593,"column":31}},"593":{"start":{"line":594,"column":0},"end":{"line":594,"column":21}},"594":{"start":{"line":595,"column":0},"end":{"line":595,"column":19}},"595":{"start":{"line":596,"column":0},"end":{"line":596,"column":31}},"596":{"start":{"line":597,"column":0},"end":{"line":597,"column":30}},"597":{"start":{"line":598,"column":0},"end":{"line":598,"column":76}},"598":{"start":{"line":599,"column":0},"end":{"line":599,"column":17}},"599":{"start":{"line":600,"column":0},"end":{"line":600,"column":61}},"600":{"start":{"line":601,"column":0},"end":{"line":601,"column":61}},"601":{"start":{"line":602,"column":0},"end":{"line":602,"column":61}},"602":{"start":{"line":603,"column":0},"end":{"line":603,"column":61}},"603":{"start":{"line":604,"column":0},"end":{"line":604,"column":69}},"604":{"start":{"line":605,"column":0},"end":{"line":605,"column":10}},"605":{"start":{"line":606,"column":0},"end":{"line":606,"column":6}},"606":{"start":{"line":607,"column":0},"end":{"line":607,"column":5}},"607":{"start":{"line":608,"column":0},"end":{"line":608,"column":15}},"608":{"start":{"line":609,"column":0},"end":{"line":609,"column":31}},"609":{"start":{"line":610,"column":0},"end":{"line":610,"column":98}},"610":{"start":{"line":611,"column":0},"end":{"line":611,"column":18}},"611":{"start":{"line":612,"column":0},"end":{"line":612,"column":30}},"612":{"start":{"line":613,"column":0},"end":{"line":613,"column":21}},"613":{"start":{"line":614,"column":0},"end":{"line":614,"column":19}},"614":{"start":{"line":615,"column":0},"end":{"line":615,"column":31}},"615":{"start":{"line":616,"column":0},"end":{"line":616,"column":30}},"616":{"start":{"line":617,"column":0},"end":{"line":617,"column":76}},"617":{"start":{"line":618,"column":0},"end":{"line":618,"column":17}},"618":{"start":{"line":619,"column":0},"end":{"line":619,"column":61}},"619":{"start":{"line":620,"column":0},"end":{"line":620,"column":61}},"620":{"start":{"line":621,"column":0},"end":{"line":621,"column":61}},"621":{"start":{"line":622,"column":0},"end":{"line":622,"column":61}},"622":{"start":{"line":623,"column":0},"end":{"line":623,"column":69}},"623":{"start":{"line":624,"column":0},"end":{"line":624,"column":10}},"624":{"start":{"line":625,"column":0},"end":{"line":625,"column":6}},"625":{"start":{"line":626,"column":0},"end":{"line":626,"column":5}},"626":{"start":{"line":627,"column":0},"end":{"line":627,"column":15}},"627":{"start":{"line":628,"column":0},"end":{"line":628,"column":33}},"628":{"start":{"line":629,"column":0},"end":{"line":629,"column":133}},"629":{"start":{"line":630,"column":0},"end":{"line":630,"column":18}},"630":{"start":{"line":631,"column":0},"end":{"line":631,"column":33}},"631":{"start":{"line":632,"column":0},"end":{"line":632,"column":21}},"632":{"start":{"line":633,"column":0},"end":{"line":633,"column":18}},"633":{"start":{"line":634,"column":0},"end":{"line":634,"column":26}},"634":{"start":{"line":635,"column":0},"end":{"line":635,"column":30}},"635":{"start":{"line":636,"column":0},"end":{"line":636,"column":76}},"636":{"start":{"line":637,"column":0},"end":{"line":637,"column":17}},"637":{"start":{"line":638,"column":0},"end":{"line":638,"column":61}},"638":{"start":{"line":639,"column":0},"end":{"line":639,"column":61}},"639":{"start":{"line":640,"column":0},"end":{"line":640,"column":61}},"640":{"start":{"line":641,"column":0},"end":{"line":641,"column":61}},"641":{"start":{"line":642,"column":0},"end":{"line":642,"column":69}},"642":{"start":{"line":643,"column":0},"end":{"line":643,"column":10}},"643":{"start":{"line":644,"column":0},"end":{"line":644,"column":6}},"644":{"start":{"line":645,"column":0},"end":{"line":645,"column":5}},"645":{"start":{"line":646,"column":0},"end":{"line":646,"column":15}},"646":{"start":{"line":647,"column":0},"end":{"line":647,"column":37}},"647":{"start":{"line":648,"column":0},"end":{"line":648,"column":151}},"648":{"start":{"line":649,"column":0},"end":{"line":649,"column":18}},"649":{"start":{"line":650,"column":0},"end":{"line":650,"column":34}},"650":{"start":{"line":651,"column":0},"end":{"line":651,"column":21}},"651":{"start":{"line":652,"column":0},"end":{"line":652,"column":18}},"652":{"start":{"line":653,"column":0},"end":{"line":653,"column":35}},"653":{"start":{"line":654,"column":0},"end":{"line":654,"column":25}},"654":{"start":{"line":655,"column":0},"end":{"line":655,"column":76}},"655":{"start":{"line":656,"column":0},"end":{"line":656,"column":17}},"656":{"start":{"line":657,"column":0},"end":{"line":657,"column":61}},"657":{"start":{"line":658,"column":0},"end":{"line":658,"column":62}},"658":{"start":{"line":659,"column":0},"end":{"line":659,"column":62}},"659":{"start":{"line":660,"column":0},"end":{"line":660,"column":61}},"660":{"start":{"line":661,"column":0},"end":{"line":661,"column":69}},"661":{"start":{"line":662,"column":0},"end":{"line":662,"column":10}},"662":{"start":{"line":663,"column":0},"end":{"line":663,"column":6}},"663":{"start":{"line":664,"column":0},"end":{"line":664,"column":5}},"664":{"start":{"line":665,"column":0},"end":{"line":665,"column":15}},"665":{"start":{"line":666,"column":0},"end":{"line":666,"column":43}},"666":{"start":{"line":667,"column":0},"end":{"line":667,"column":112}},"667":{"start":{"line":668,"column":0},"end":{"line":668,"column":18}},"668":{"start":{"line":669,"column":0},"end":{"line":669,"column":34}},"669":{"start":{"line":670,"column":0},"end":{"line":670,"column":21}},"670":{"start":{"line":671,"column":0},"end":{"line":671,"column":19}},"671":{"start":{"line":672,"column":0},"end":{"line":672,"column":29}},"672":{"start":{"line":673,"column":0},"end":{"line":673,"column":25}},"673":{"start":{"line":674,"column":0},"end":{"line":674,"column":76}},"674":{"start":{"line":675,"column":0},"end":{"line":675,"column":17}},"675":{"start":{"line":676,"column":0},"end":{"line":676,"column":61}},"676":{"start":{"line":677,"column":0},"end":{"line":677,"column":61}},"677":{"start":{"line":678,"column":0},"end":{"line":678,"column":61}},"678":{"start":{"line":679,"column":0},"end":{"line":679,"column":61}},"679":{"start":{"line":680,"column":0},"end":{"line":680,"column":69}},"680":{"start":{"line":681,"column":0},"end":{"line":681,"column":10}},"681":{"start":{"line":682,"column":0},"end":{"line":682,"column":6}},"682":{"start":{"line":683,"column":0},"end":{"line":683,"column":5}},"683":{"start":{"line":684,"column":0},"end":{"line":684,"column":15}},"684":{"start":{"line":685,"column":0},"end":{"line":685,"column":45}},"685":{"start":{"line":686,"column":0},"end":{"line":686,"column":66}},"686":{"start":{"line":687,"column":0},"end":{"line":687,"column":19}},"687":{"start":{"line":688,"column":0},"end":{"line":688,"column":34}},"688":{"start":{"line":689,"column":0},"end":{"line":689,"column":20}},"689":{"start":{"line":690,"column":0},"end":{"line":690,"column":18}},"690":{"start":{"line":691,"column":0},"end":{"line":691,"column":29}},"691":{"start":{"line":692,"column":0},"end":{"line":692,"column":25}},"692":{"start":{"line":693,"column":0},"end":{"line":693,"column":76}},"693":{"start":{"line":694,"column":0},"end":{"line":694,"column":17}},"694":{"start":{"line":695,"column":0},"end":{"line":695,"column":61}},"695":{"start":{"line":696,"column":0},"end":{"line":696,"column":61}},"696":{"start":{"line":697,"column":0},"end":{"line":697,"column":61}},"697":{"start":{"line":698,"column":0},"end":{"line":698,"column":61}},"698":{"start":{"line":699,"column":0},"end":{"line":699,"column":10}},"699":{"start":{"line":700,"column":0},"end":{"line":700,"column":6}},"700":{"start":{"line":701,"column":0},"end":{"line":701,"column":5}},"701":{"start":{"line":702,"column":0},"end":{"line":702,"column":15}},"702":{"start":{"line":703,"column":0},"end":{"line":703,"column":37}},"703":{"start":{"line":704,"column":0},"end":{"line":704,"column":144}},"704":{"start":{"line":705,"column":0},"end":{"line":705,"column":19}},"705":{"start":{"line":706,"column":0},"end":{"line":706,"column":33}},"706":{"start":{"line":707,"column":0},"end":{"line":707,"column":21}},"707":{"start":{"line":708,"column":0},"end":{"line":708,"column":18}},"708":{"start":{"line":709,"column":0},"end":{"line":709,"column":29}},"709":{"start":{"line":710,"column":0},"end":{"line":710,"column":25}},"710":{"start":{"line":711,"column":0},"end":{"line":711,"column":76}},"711":{"start":{"line":712,"column":0},"end":{"line":712,"column":17}},"712":{"start":{"line":713,"column":0},"end":{"line":713,"column":61}},"713":{"start":{"line":714,"column":0},"end":{"line":714,"column":61}},"714":{"start":{"line":715,"column":0},"end":{"line":715,"column":61}},"715":{"start":{"line":716,"column":0},"end":{"line":716,"column":61}},"716":{"start":{"line":717,"column":0},"end":{"line":717,"column":69}},"717":{"start":{"line":718,"column":0},"end":{"line":718,"column":10}},"718":{"start":{"line":719,"column":0},"end":{"line":719,"column":6}},"719":{"start":{"line":720,"column":0},"end":{"line":720,"column":5}},"720":{"start":{"line":721,"column":0},"end":{"line":721,"column":15}},"721":{"start":{"line":722,"column":0},"end":{"line":722,"column":38}},"722":{"start":{"line":723,"column":0},"end":{"line":723,"column":144}},"723":{"start":{"line":724,"column":0},"end":{"line":724,"column":18}},"724":{"start":{"line":725,"column":0},"end":{"line":725,"column":34}},"725":{"start":{"line":726,"column":0},"end":{"line":726,"column":21}},"726":{"start":{"line":727,"column":0},"end":{"line":727,"column":18}},"727":{"start":{"line":728,"column":0},"end":{"line":728,"column":29}},"728":{"start":{"line":729,"column":0},"end":{"line":729,"column":25}},"729":{"start":{"line":730,"column":0},"end":{"line":730,"column":76}},"730":{"start":{"line":731,"column":0},"end":{"line":731,"column":17}},"731":{"start":{"line":732,"column":0},"end":{"line":732,"column":61}},"732":{"start":{"line":733,"column":0},"end":{"line":733,"column":61}},"733":{"start":{"line":734,"column":0},"end":{"line":734,"column":10}},"734":{"start":{"line":735,"column":0},"end":{"line":735,"column":6}},"735":{"start":{"line":736,"column":0},"end":{"line":736,"column":5}},"736":{"start":{"line":737,"column":0},"end":{"line":737,"column":15}},"737":{"start":{"line":738,"column":0},"end":{"line":738,"column":28}},"738":{"start":{"line":739,"column":0},"end":{"line":739,"column":81}},"739":{"start":{"line":740,"column":0},"end":{"line":740,"column":18}},"740":{"start":{"line":741,"column":0},"end":{"line":741,"column":34}},"741":{"start":{"line":742,"column":0},"end":{"line":742,"column":21}},"742":{"start":{"line":743,"column":0},"end":{"line":743,"column":18}},"743":{"start":{"line":744,"column":0},"end":{"line":744,"column":35}},"744":{"start":{"line":745,"column":0},"end":{"line":745,"column":35}},"745":{"start":{"line":746,"column":0},"end":{"line":746,"column":77}},"746":{"start":{"line":747,"column":0},"end":{"line":747,"column":17}},"747":{"start":{"line":748,"column":0},"end":{"line":748,"column":61}},"748":{"start":{"line":749,"column":0},"end":{"line":749,"column":62}},"749":{"start":{"line":750,"column":0},"end":{"line":750,"column":61}},"750":{"start":{"line":751,"column":0},"end":{"line":751,"column":61}},"751":{"start":{"line":752,"column":0},"end":{"line":752,"column":70}},"752":{"start":{"line":753,"column":0},"end":{"line":753,"column":10}},"753":{"start":{"line":754,"column":0},"end":{"line":754,"column":6}},"754":{"start":{"line":755,"column":0},"end":{"line":755,"column":5}},"755":{"start":{"line":756,"column":0},"end":{"line":756,"column":15}},"756":{"start":{"line":757,"column":0},"end":{"line":757,"column":44}},"757":{"start":{"line":758,"column":0},"end":{"line":758,"column":88}},"758":{"start":{"line":759,"column":0},"end":{"line":759,"column":18}},"759":{"start":{"line":760,"column":0},"end":{"line":760,"column":34}},"760":{"start":{"line":761,"column":0},"end":{"line":761,"column":21}},"761":{"start":{"line":762,"column":0},"end":{"line":762,"column":19}},"762":{"start":{"line":763,"column":0},"end":{"line":763,"column":33}},"763":{"start":{"line":764,"column":0},"end":{"line":764,"column":35}},"764":{"start":{"line":765,"column":0},"end":{"line":765,"column":76}},"765":{"start":{"line":766,"column":0},"end":{"line":766,"column":17}},"766":{"start":{"line":767,"column":0},"end":{"line":767,"column":61}},"767":{"start":{"line":768,"column":0},"end":{"line":768,"column":61}},"768":{"start":{"line":769,"column":0},"end":{"line":769,"column":61}},"769":{"start":{"line":770,"column":0},"end":{"line":770,"column":61}},"770":{"start":{"line":771,"column":0},"end":{"line":771,"column":69}},"771":{"start":{"line":772,"column":0},"end":{"line":772,"column":10}},"772":{"start":{"line":773,"column":0},"end":{"line":773,"column":6}},"773":{"start":{"line":774,"column":0},"end":{"line":774,"column":5}},"774":{"start":{"line":775,"column":0},"end":{"line":775,"column":15}},"775":{"start":{"line":776,"column":0},"end":{"line":776,"column":36}},"776":{"start":{"line":777,"column":0},"end":{"line":777,"column":101}},"777":{"start":{"line":778,"column":0},"end":{"line":778,"column":19}},"778":{"start":{"line":779,"column":0},"end":{"line":779,"column":34}},"779":{"start":{"line":780,"column":0},"end":{"line":780,"column":21}},"780":{"start":{"line":781,"column":0},"end":{"line":781,"column":19}},"781":{"start":{"line":782,"column":0},"end":{"line":782,"column":30}},"782":{"start":{"line":783,"column":0},"end":{"line":783,"column":35}},"783":{"start":{"line":784,"column":0},"end":{"line":784,"column":76}},"784":{"start":{"line":785,"column":0},"end":{"line":785,"column":17}},"785":{"start":{"line":786,"column":0},"end":{"line":786,"column":61}},"786":{"start":{"line":787,"column":0},"end":{"line":787,"column":61}},"787":{"start":{"line":788,"column":0},"end":{"line":788,"column":61}},"788":{"start":{"line":789,"column":0},"end":{"line":789,"column":61}},"789":{"start":{"line":790,"column":0},"end":{"line":790,"column":69}},"790":{"start":{"line":791,"column":0},"end":{"line":791,"column":10}},"791":{"start":{"line":792,"column":0},"end":{"line":792,"column":6}},"792":{"start":{"line":793,"column":0},"end":{"line":793,"column":5}},"793":{"start":{"line":794,"column":0},"end":{"line":794,"column":15}},"794":{"start":{"line":795,"column":0},"end":{"line":795,"column":43}},"795":{"start":{"line":796,"column":0},"end":{"line":796,"column":131}},"796":{"start":{"line":797,"column":0},"end":{"line":797,"column":18}},"797":{"start":{"line":798,"column":0},"end":{"line":798,"column":34}},"798":{"start":{"line":799,"column":0},"end":{"line":799,"column":21}},"799":{"start":{"line":800,"column":0},"end":{"line":800,"column":17}},"800":{"start":{"line":801,"column":0},"end":{"line":801,"column":30}},"801":{"start":{"line":802,"column":0},"end":{"line":802,"column":35}},"802":{"start":{"line":803,"column":0},"end":{"line":803,"column":76}},"803":{"start":{"line":804,"column":0},"end":{"line":804,"column":17}},"804":{"start":{"line":805,"column":0},"end":{"line":805,"column":61}},"805":{"start":{"line":806,"column":0},"end":{"line":806,"column":61}},"806":{"start":{"line":807,"column":0},"end":{"line":807,"column":61}},"807":{"start":{"line":808,"column":0},"end":{"line":808,"column":61}},"808":{"start":{"line":809,"column":0},"end":{"line":809,"column":69}},"809":{"start":{"line":810,"column":0},"end":{"line":810,"column":10}},"810":{"start":{"line":811,"column":0},"end":{"line":811,"column":6}},"811":{"start":{"line":812,"column":0},"end":{"line":812,"column":5}},"812":{"start":{"line":813,"column":0},"end":{"line":813,"column":15}},"813":{"start":{"line":814,"column":0},"end":{"line":814,"column":34}},"814":{"start":{"line":815,"column":0},"end":{"line":815,"column":119}},"815":{"start":{"line":816,"column":0},"end":{"line":816,"column":18}},"816":{"start":{"line":817,"column":0},"end":{"line":817,"column":33}},"817":{"start":{"line":818,"column":0},"end":{"line":818,"column":21}},"818":{"start":{"line":819,"column":0},"end":{"line":819,"column":18}},"819":{"start":{"line":820,"column":0},"end":{"line":820,"column":23}},"820":{"start":{"line":821,"column":0},"end":{"line":821,"column":35}},"821":{"start":{"line":822,"column":0},"end":{"line":822,"column":76}},"822":{"start":{"line":823,"column":0},"end":{"line":823,"column":17}},"823":{"start":{"line":824,"column":0},"end":{"line":824,"column":61}},"824":{"start":{"line":825,"column":0},"end":{"line":825,"column":62}},"825":{"start":{"line":826,"column":0},"end":{"line":826,"column":61}},"826":{"start":{"line":827,"column":0},"end":{"line":827,"column":61}},"827":{"start":{"line":828,"column":0},"end":{"line":828,"column":69}},"828":{"start":{"line":829,"column":0},"end":{"line":829,"column":10}},"829":{"start":{"line":830,"column":0},"end":{"line":830,"column":6}},"830":{"start":{"line":831,"column":0},"end":{"line":831,"column":5}},"831":{"start":{"line":832,"column":0},"end":{"line":832,"column":15}},"832":{"start":{"line":833,"column":0},"end":{"line":833,"column":31}},"833":{"start":{"line":834,"column":0},"end":{"line":834,"column":95}},"834":{"start":{"line":835,"column":0},"end":{"line":835,"column":18}},"835":{"start":{"line":836,"column":0},"end":{"line":836,"column":34}},"836":{"start":{"line":837,"column":0},"end":{"line":837,"column":21}},"837":{"start":{"line":838,"column":0},"end":{"line":838,"column":18}},"838":{"start":{"line":839,"column":0},"end":{"line":839,"column":31}},"839":{"start":{"line":840,"column":0},"end":{"line":840,"column":33}},"840":{"start":{"line":841,"column":0},"end":{"line":841,"column":76}},"841":{"start":{"line":842,"column":0},"end":{"line":842,"column":17}},"842":{"start":{"line":843,"column":0},"end":{"line":843,"column":62}},"843":{"start":{"line":844,"column":0},"end":{"line":844,"column":61}},"844":{"start":{"line":845,"column":0},"end":{"line":845,"column":61}},"845":{"start":{"line":846,"column":0},"end":{"line":846,"column":61}},"846":{"start":{"line":847,"column":0},"end":{"line":847,"column":69}},"847":{"start":{"line":848,"column":0},"end":{"line":848,"column":10}},"848":{"start":{"line":849,"column":0},"end":{"line":849,"column":6}},"849":{"start":{"line":850,"column":0},"end":{"line":850,"column":5}},"850":{"start":{"line":851,"column":0},"end":{"line":851,"column":15}},"851":{"start":{"line":852,"column":0},"end":{"line":852,"column":31}},"852":{"start":{"line":853,"column":0},"end":{"line":853,"column":97}},"853":{"start":{"line":854,"column":0},"end":{"line":854,"column":19}},"854":{"start":{"line":855,"column":0},"end":{"line":855,"column":34}},"855":{"start":{"line":856,"column":0},"end":{"line":856,"column":21}},"856":{"start":{"line":857,"column":0},"end":{"line":857,"column":18}},"857":{"start":{"line":858,"column":0},"end":{"line":858,"column":35}},"858":{"start":{"line":859,"column":0},"end":{"line":859,"column":33}},"859":{"start":{"line":860,"column":0},"end":{"line":860,"column":77}},"860":{"start":{"line":861,"column":0},"end":{"line":861,"column":17}},"861":{"start":{"line":862,"column":0},"end":{"line":862,"column":61}},"862":{"start":{"line":863,"column":0},"end":{"line":863,"column":61}},"863":{"start":{"line":864,"column":0},"end":{"line":864,"column":61}},"864":{"start":{"line":865,"column":0},"end":{"line":865,"column":70}},"865":{"start":{"line":866,"column":0},"end":{"line":866,"column":10}},"866":{"start":{"line":867,"column":0},"end":{"line":867,"column":6}},"867":{"start":{"line":868,"column":0},"end":{"line":868,"column":5}},"868":{"start":{"line":869,"column":0},"end":{"line":869,"column":15}},"869":{"start":{"line":870,"column":0},"end":{"line":870,"column":34}},"870":{"start":{"line":871,"column":0},"end":{"line":871,"column":100}},"871":{"start":{"line":872,"column":0},"end":{"line":872,"column":18}},"872":{"start":{"line":873,"column":0},"end":{"line":873,"column":34}},"873":{"start":{"line":874,"column":0},"end":{"line":874,"column":21}},"874":{"start":{"line":875,"column":0},"end":{"line":875,"column":18}},"875":{"start":{"line":876,"column":0},"end":{"line":876,"column":36}},"876":{"start":{"line":877,"column":0},"end":{"line":877,"column":33}},"877":{"start":{"line":878,"column":0},"end":{"line":878,"column":76}},"878":{"start":{"line":879,"column":0},"end":{"line":879,"column":17}},"879":{"start":{"line":880,"column":0},"end":{"line":880,"column":61}},"880":{"start":{"line":881,"column":0},"end":{"line":881,"column":61}},"881":{"start":{"line":882,"column":0},"end":{"line":882,"column":61}},"882":{"start":{"line":883,"column":0},"end":{"line":883,"column":61}},"883":{"start":{"line":884,"column":0},"end":{"line":884,"column":69}},"884":{"start":{"line":885,"column":0},"end":{"line":885,"column":10}},"885":{"start":{"line":886,"column":0},"end":{"line":886,"column":6}},"886":{"start":{"line":887,"column":0},"end":{"line":887,"column":5}},"887":{"start":{"line":888,"column":0},"end":{"line":888,"column":15}},"888":{"start":{"line":889,"column":0},"end":{"line":889,"column":49}},"889":{"start":{"line":890,"column":0},"end":{"line":890,"column":112}},"890":{"start":{"line":891,"column":0},"end":{"line":891,"column":18}},"891":{"start":{"line":892,"column":0},"end":{"line":892,"column":33}},"892":{"start":{"line":893,"column":0},"end":{"line":893,"column":21}},"893":{"start":{"line":894,"column":0},"end":{"line":894,"column":19}},"894":{"start":{"line":895,"column":0},"end":{"line":895,"column":32}},"895":{"start":{"line":896,"column":0},"end":{"line":896,"column":33}},"896":{"start":{"line":897,"column":0},"end":{"line":897,"column":76}},"897":{"start":{"line":898,"column":0},"end":{"line":898,"column":17}},"898":{"start":{"line":899,"column":0},"end":{"line":899,"column":61}},"899":{"start":{"line":900,"column":0},"end":{"line":900,"column":61}},"900":{"start":{"line":901,"column":0},"end":{"line":901,"column":62}},"901":{"start":{"line":902,"column":0},"end":{"line":902,"column":69}},"902":{"start":{"line":903,"column":0},"end":{"line":903,"column":10}},"903":{"start":{"line":904,"column":0},"end":{"line":904,"column":6}},"904":{"start":{"line":905,"column":0},"end":{"line":905,"column":5}},"905":{"start":{"line":906,"column":0},"end":{"line":906,"column":15}},"906":{"start":{"line":907,"column":0},"end":{"line":907,"column":29}},"907":{"start":{"line":908,"column":0},"end":{"line":908,"column":99}},"908":{"start":{"line":909,"column":0},"end":{"line":909,"column":18}},"909":{"start":{"line":910,"column":0},"end":{"line":910,"column":34}},"910":{"start":{"line":911,"column":0},"end":{"line":911,"column":21}},"911":{"start":{"line":912,"column":0},"end":{"line":912,"column":18}},"912":{"start":{"line":913,"column":0},"end":{"line":913,"column":34}},"913":{"start":{"line":914,"column":0},"end":{"line":914,"column":33}},"914":{"start":{"line":915,"column":0},"end":{"line":915,"column":76}},"915":{"start":{"line":916,"column":0},"end":{"line":916,"column":17}},"916":{"start":{"line":917,"column":0},"end":{"line":917,"column":62}},"917":{"start":{"line":918,"column":0},"end":{"line":918,"column":61}},"918":{"start":{"line":919,"column":0},"end":{"line":919,"column":61}},"919":{"start":{"line":920,"column":0},"end":{"line":920,"column":10}},"920":{"start":{"line":921,"column":0},"end":{"line":921,"column":6}},"921":{"start":{"line":922,"column":0},"end":{"line":922,"column":5}},"922":{"start":{"line":923,"column":0},"end":{"line":923,"column":15}},"923":{"start":{"line":924,"column":0},"end":{"line":924,"column":39}},"924":{"start":{"line":925,"column":0},"end":{"line":925,"column":150}},"925":{"start":{"line":926,"column":0},"end":{"line":926,"column":18}},"926":{"start":{"line":927,"column":0},"end":{"line":927,"column":34}},"927":{"start":{"line":928,"column":0},"end":{"line":928,"column":21}},"928":{"start":{"line":929,"column":0},"end":{"line":929,"column":19}},"929":{"start":{"line":930,"column":0},"end":{"line":930,"column":33}},"930":{"start":{"line":931,"column":0},"end":{"line":931,"column":32}},"931":{"start":{"line":932,"column":0},"end":{"line":932,"column":76}},"932":{"start":{"line":933,"column":0},"end":{"line":933,"column":17}},"933":{"start":{"line":934,"column":0},"end":{"line":934,"column":61}},"934":{"start":{"line":935,"column":0},"end":{"line":935,"column":61}},"935":{"start":{"line":936,"column":0},"end":{"line":936,"column":61}},"936":{"start":{"line":937,"column":0},"end":{"line":937,"column":69}},"937":{"start":{"line":938,"column":0},"end":{"line":938,"column":10}},"938":{"start":{"line":939,"column":0},"end":{"line":939,"column":6}},"939":{"start":{"line":940,"column":0},"end":{"line":940,"column":5}},"940":{"start":{"line":941,"column":0},"end":{"line":941,"column":15}},"941":{"start":{"line":942,"column":0},"end":{"line":942,"column":35}},"942":{"start":{"line":943,"column":0},"end":{"line":943,"column":111}},"943":{"start":{"line":944,"column":0},"end":{"line":944,"column":18}},"944":{"start":{"line":945,"column":0},"end":{"line":945,"column":34}},"945":{"start":{"line":946,"column":0},"end":{"line":946,"column":21}},"946":{"start":{"line":947,"column":0},"end":{"line":947,"column":19}},"947":{"start":{"line":948,"column":0},"end":{"line":948,"column":27}},"948":{"start":{"line":949,"column":0},"end":{"line":949,"column":32}},"949":{"start":{"line":950,"column":0},"end":{"line":950,"column":76}},"950":{"start":{"line":951,"column":0},"end":{"line":951,"column":17}},"951":{"start":{"line":952,"column":0},"end":{"line":952,"column":61}},"952":{"start":{"line":953,"column":0},"end":{"line":953,"column":61}},"953":{"start":{"line":954,"column":0},"end":{"line":954,"column":61}},"954":{"start":{"line":955,"column":0},"end":{"line":955,"column":61}},"955":{"start":{"line":956,"column":0},"end":{"line":956,"column":69}},"956":{"start":{"line":957,"column":0},"end":{"line":957,"column":10}},"957":{"start":{"line":958,"column":0},"end":{"line":958,"column":6}},"958":{"start":{"line":959,"column":0},"end":{"line":959,"column":5}},"959":{"start":{"line":960,"column":0},"end":{"line":960,"column":15}},"960":{"start":{"line":961,"column":0},"end":{"line":961,"column":47}},"961":{"start":{"line":962,"column":0},"end":{"line":962,"column":62}},"962":{"start":{"line":963,"column":0},"end":{"line":963,"column":18}},"963":{"start":{"line":964,"column":0},"end":{"line":964,"column":33}},"964":{"start":{"line":965,"column":0},"end":{"line":965,"column":21}},"965":{"start":{"line":966,"column":0},"end":{"line":966,"column":17}},"966":{"start":{"line":967,"column":0},"end":{"line":967,"column":33}},"967":{"start":{"line":968,"column":0},"end":{"line":968,"column":32}},"968":{"start":{"line":969,"column":0},"end":{"line":969,"column":76}},"969":{"start":{"line":970,"column":0},"end":{"line":970,"column":17}},"970":{"start":{"line":971,"column":0},"end":{"line":971,"column":62}},"971":{"start":{"line":972,"column":0},"end":{"line":972,"column":61}},"972":{"start":{"line":973,"column":0},"end":{"line":973,"column":61}},"973":{"start":{"line":974,"column":0},"end":{"line":974,"column":61}},"974":{"start":{"line":975,"column":0},"end":{"line":975,"column":69}},"975":{"start":{"line":976,"column":0},"end":{"line":976,"column":10}},"976":{"start":{"line":977,"column":0},"end":{"line":977,"column":6}},"977":{"start":{"line":978,"column":0},"end":{"line":978,"column":5}},"978":{"start":{"line":979,"column":0},"end":{"line":979,"column":15}},"979":{"start":{"line":980,"column":0},"end":{"line":980,"column":46}},"980":{"start":{"line":981,"column":0},"end":{"line":981,"column":168}},"981":{"start":{"line":982,"column":0},"end":{"line":982,"column":18}},"982":{"start":{"line":983,"column":0},"end":{"line":983,"column":34}},"983":{"start":{"line":984,"column":0},"end":{"line":984,"column":21}},"984":{"start":{"line":985,"column":0},"end":{"line":985,"column":19}},"985":{"start":{"line":986,"column":0},"end":{"line":986,"column":31}},"986":{"start":{"line":987,"column":0},"end":{"line":987,"column":32}},"987":{"start":{"line":988,"column":0},"end":{"line":988,"column":76}},"988":{"start":{"line":989,"column":0},"end":{"line":989,"column":17}},"989":{"start":{"line":990,"column":0},"end":{"line":990,"column":61}},"990":{"start":{"line":991,"column":0},"end":{"line":991,"column":61}},"991":{"start":{"line":992,"column":0},"end":{"line":992,"column":61}},"992":{"start":{"line":993,"column":0},"end":{"line":993,"column":61}},"993":{"start":{"line":994,"column":0},"end":{"line":994,"column":69}},"994":{"start":{"line":995,"column":0},"end":{"line":995,"column":10}},"995":{"start":{"line":996,"column":0},"end":{"line":996,"column":6}},"996":{"start":{"line":997,"column":0},"end":{"line":997,"column":5}},"997":{"start":{"line":998,"column":0},"end":{"line":998,"column":15}},"998":{"start":{"line":999,"column":0},"end":{"line":999,"column":53}},"999":{"start":{"line":1000,"column":0},"end":{"line":1000,"column":75}},"1000":{"start":{"line":1001,"column":0},"end":{"line":1001,"column":18}},"1001":{"start":{"line":1002,"column":0},"end":{"line":1002,"column":34}},"1002":{"start":{"line":1003,"column":0},"end":{"line":1003,"column":20}},"1003":{"start":{"line":1004,"column":0},"end":{"line":1004,"column":19}},"1004":{"start":{"line":1005,"column":0},"end":{"line":1005,"column":31}},"1005":{"start":{"line":1006,"column":0},"end":{"line":1006,"column":32}},"1006":{"start":{"line":1007,"column":0},"end":{"line":1007,"column":76}},"1007":{"start":{"line":1008,"column":0},"end":{"line":1008,"column":17}},"1008":{"start":{"line":1009,"column":0},"end":{"line":1009,"column":61}},"1009":{"start":{"line":1010,"column":0},"end":{"line":1010,"column":62}},"1010":{"start":{"line":1011,"column":0},"end":{"line":1011,"column":61}},"1011":{"start":{"line":1012,"column":0},"end":{"line":1012,"column":61}},"1012":{"start":{"line":1013,"column":0},"end":{"line":1013,"column":69}},"1013":{"start":{"line":1014,"column":0},"end":{"line":1014,"column":10}},"1014":{"start":{"line":1015,"column":0},"end":{"line":1015,"column":6}},"1015":{"start":{"line":1016,"column":0},"end":{"line":1016,"column":5}},"1016":{"start":{"line":1017,"column":0},"end":{"line":1017,"column":15}},"1017":{"start":{"line":1018,"column":0},"end":{"line":1018,"column":40}},"1018":{"start":{"line":1019,"column":0},"end":{"line":1019,"column":88}},"1019":{"start":{"line":1020,"column":0},"end":{"line":1020,"column":18}},"1020":{"start":{"line":1021,"column":0},"end":{"line":1021,"column":34}},"1021":{"start":{"line":1022,"column":0},"end":{"line":1022,"column":21}},"1022":{"start":{"line":1023,"column":0},"end":{"line":1023,"column":17}},"1023":{"start":{"line":1024,"column":0},"end":{"line":1024,"column":26}},"1024":{"start":{"line":1025,"column":0},"end":{"line":1025,"column":31}},"1025":{"start":{"line":1026,"column":0},"end":{"line":1026,"column":76}},"1026":{"start":{"line":1027,"column":0},"end":{"line":1027,"column":17}},"1027":{"start":{"line":1028,"column":0},"end":{"line":1028,"column":61}},"1028":{"start":{"line":1029,"column":0},"end":{"line":1029,"column":61}},"1029":{"start":{"line":1030,"column":0},"end":{"line":1030,"column":61}},"1030":{"start":{"line":1031,"column":0},"end":{"line":1031,"column":61}},"1031":{"start":{"line":1032,"column":0},"end":{"line":1032,"column":61}},"1032":{"start":{"line":1033,"column":0},"end":{"line":1033,"column":69}},"1033":{"start":{"line":1034,"column":0},"end":{"line":1034,"column":10}},"1034":{"start":{"line":1035,"column":0},"end":{"line":1035,"column":6}},"1035":{"start":{"line":1036,"column":0},"end":{"line":1036,"column":5}},"1036":{"start":{"line":1037,"column":0},"end":{"line":1037,"column":15}},"1037":{"start":{"line":1038,"column":0},"end":{"line":1038,"column":33}},"1038":{"start":{"line":1039,"column":0},"end":{"line":1039,"column":146}},"1039":{"start":{"line":1040,"column":0},"end":{"line":1040,"column":18}},"1040":{"start":{"line":1041,"column":0},"end":{"line":1041,"column":34}},"1041":{"start":{"line":1042,"column":0},"end":{"line":1042,"column":21}},"1042":{"start":{"line":1043,"column":0},"end":{"line":1043,"column":18}},"1043":{"start":{"line":1044,"column":0},"end":{"line":1044,"column":24}},"1044":{"start":{"line":1045,"column":0},"end":{"line":1045,"column":31}},"1045":{"start":{"line":1046,"column":0},"end":{"line":1046,"column":76}},"1046":{"start":{"line":1047,"column":0},"end":{"line":1047,"column":17}},"1047":{"start":{"line":1048,"column":0},"end":{"line":1048,"column":61}},"1048":{"start":{"line":1049,"column":0},"end":{"line":1049,"column":61}},"1049":{"start":{"line":1050,"column":0},"end":{"line":1050,"column":61}},"1050":{"start":{"line":1051,"column":0},"end":{"line":1051,"column":61}},"1051":{"start":{"line":1052,"column":0},"end":{"line":1052,"column":69}},"1052":{"start":{"line":1053,"column":0},"end":{"line":1053,"column":10}},"1053":{"start":{"line":1054,"column":0},"end":{"line":1054,"column":6}},"1054":{"start":{"line":1055,"column":0},"end":{"line":1055,"column":5}},"1055":{"start":{"line":1056,"column":0},"end":{"line":1056,"column":15}},"1056":{"start":{"line":1057,"column":0},"end":{"line":1057,"column":38}},"1057":{"start":{"line":1058,"column":0},"end":{"line":1058,"column":107}},"1058":{"start":{"line":1059,"column":0},"end":{"line":1059,"column":18}},"1059":{"start":{"line":1060,"column":0},"end":{"line":1060,"column":31}},"1060":{"start":{"line":1061,"column":0},"end":{"line":1061,"column":21}}
[...]
,"C:\\data\\js\\RS SCHOOL\\rs-school-react\\src\\components\\CardsField\\CardsField.js": {"path":"C:\\data\\js\\RS SCHOOL\\rs-school-react\\src\\components\\CardsField\\CardsField.js","all":false,"statementMap":{"0":{"start":{"line":1,"column":0},"end":{"line":1,"column":32}},"1":{"start":{"line":2,"column":0},"end":{"line":2,"column":40}},"2":{"start":{"line":3,"column":0},"end":{"line":3,"column":27}},"3":{"start":{"line":4,"column":0},"end":{"line":4,"column":34}},"4":{"start":{"line":5,"column":0},"end":{"line":5,"column":45}},"5":{"start":{"line":6,"column":0},"end":{"line":6,"column":30}},"6":{"start":{"line":7,"column":0},"end":{"line":7,"column":30}},"7":{"start":{"line":8,"column":0},"end":{"line":8,"column":6}},"8":{"start":{"line":9,"column":0},"end":{"line":9,"column":89}},"9":{"start":{"line":10,"column":0},"end":{"line":10,"column":62}},"10":{"start":{"line":11,"column":0},"end":{"line":11,"column":69}},"11":{"start":{"line":12,"column":0},"end":{"line":12,"column":28}},"12":{"start":{"line":13,"column":0},"end":{"line":13,"column":72}},"13":{"start":{"line":14,"column":0},"end":{"line":14,"column":10}},"14":{"start":{"line":15,"column":0},"end":{"line":15,"column":32}},"15":{"start":{"line":16,"column":0},"end":{"line":16,"column":64}},"16":{"start":{"line":17,"column":0},"end":{"line":17,"column":137}},"17":{"start":{"line":18,"column":0},"end":{"line":18,"column":2}},"18":{"start":{"line":19,"column":0},"end":{"line":19,"column":26}}},"s":{"0":1,"1":1,"2":1,"3":1,"4":4,"5":4,"6":0,"7":4,"8":4,"9":4,"10":4,"11":4,"12":200,"13":4,"14":4,"15":4,"16":4,"17":4,"18":1},"branchMap":{"0":{"type":"branch","line":4,"loc":{"start":{"line":4,"column":19},"end":{"line":18,"column":2}},"locations":[{"start":{"line":4,"column":19},"end":{"line":18,"column":2}}]},"1":{"type":"branch","line":9,"loc":{"start":{"line":9,"column":51},"end":{"line":9,"column":69}},"locations":[{"start":{"line":9,"column":51},"end":{"line":9,"column":69}}]},"2":{"type":"branch","line":9,"loc":{"start":{"line":9,"column":70},"end":{"line":9,"column":78}},"locations":[{"start":{"line":9,"column":70},"end":{"line":9,"column":78}}]},"3":{"type":"branch","line":9,"loc":{"start":{"line":9,"column":79},"end":{"line":9,"column":88}},"locations":[{"start":{"line":9,"column":79},"end":{"line":9,"column":88}}]},"4":{"type":"branch","line":12,"loc":{"start":{"line":12,"column":17},"end":{"line":14,"column":9}},"locations":[{"start":{"line":12,"column":17},"end":{"line":14,"column":9}}]}},"b":{"0":[4],"1":[2],"2":[2],"3":[2],"4":[200]},"fnMap":{"0":{"name":"CardsField","decl":{"start":{"line":4,"column":19},"end":{"line":18,"column":2}},"loc":{"start":{"line":4,"column":19},"end":{"line":18,"column":2}},"line":4},"1":{"name":"onAddCards","decl":{"start":{"line":6,"column":23},"end":{"line":8,"column":5}},"loc":{"start":{"line":6,"column":23},"end":{"line":8,"column":5}},"line":6}},"f":{"0":4,"1":0}}
,"C:\\data\\js\\RS SCHOOL\\rs-school-react\\src\\components\\Error\\Error.js": {"path":"C:\\data\\js\\RS SCHOOL\\rs-school-react\\src\\components\\Error\\Error.js","all":false,"statementMap":{"0":{"start":{"line":1,"column":0},"end":{"line":1,"column":26}},"1":{"start":{"line":2,"column":0},"end":{"line":2,"column":30}},"2":{"start":{"line":3,"column":0},"end":{"line":3,"column":22}},"3":{"start":{"line":4,"column":0},"end":{"line":4,"column":21}},"4":{"start":{"line":5,"column":0},"end":{"line":5,"column":62}},"5":{"start":{"line":6,"column":0},"end":{"line":6,"column":61}},"6":{"start":{"line":7,"column":0},"end":{"line":7,"column":72}},"7":{"start":{"line":8,"column":0},"end":{"line":8,"column":2}},"8":{"start":{"line":9,"column":0},"end":{"line":9,"column":21}}},"s":{"0":1,"1":1,"2":1,"3":1,"4":2,"5":2,"6":2,"7":2,"8":1},"branchMap":{"0":{"type":"branch","line":4,"loc":{"start":{"line":4,"column":14},"end":{"line":8,"column":2}},"locations":[{"start":{"line":4,"column":14},"end":{"line":8,"column":2}}]}},"b":{"0":[2]},"fnMap":{"0":{"name":"Error","decl":{"start":{"line":4,"column":14},"end":{"line":8,"column":2}},"loc":{"start":{"line":4,"column":14},"end":{"line":8,"column":2}},"line":4}},"f":{"0":2}}
,"C:\\data\\js\\RS SCHOOL\\rs-school-react\\src\\components\\Footer\\Footer.js": {"path":"C:\\data\\js\\RS SCHOOL\\rs-school-react\\src\\components\\Footer\\Footer.js","all":false,"statementMap":{"0":{"start":{"line":1,"column":0},"end":{"line":1,"column":49}},"1":{"start":{"line":2,"column":0},"end":{"line":2,"column":26}},"2":{"start":{"line":3,"column":0},"end":{"line":3,"column":23}},"3":{"start":{"line":4,"column":0},"end":{"line":4,"column":29}},"4":{"start":{"line":5,"column":0},"end":{"line":5,"column":84}},"5":{"start":{"line":6,"column":0},"end":{"line":6,"column":69}},"6":{"start":{"line":7,"column":0},"end":{"line":7,"column":63}},"7":{"start":{"line":8,"column":0},"end":{"line":8,"column":58}},"8":{"start":{"line":9,"column":0},"end":{"line":9,"column":60}},"9":{"start":{"line":10,"column":0},"end":{"line":10,"column":104}},"10":{"start":{"line":11,"column":0},"end":{"line":11,"column":55}},"11":{"start":{"line":12,"column":0},"end":{"line":12,"column":93}},"12":{"start":{"line":13,"column":0},"end":{"line":13,"column":91}},"13":{"start":{"line":14,"column":0},"end":{"line":14,"column":2}}},"s":{"0":1,"1":1,"2":1,"3":1,"4":2,"5":2,"6":2,"7":2,"8":2,"9":2,"10":2,"11":2,"12":2,"13":2},"branchMap":{"0":{"type":"branch","line":4,"loc":{"start":{"line":4,"column":22},"end":{"line":14,"column":2}},"locations":[{"start":{"line":4,"column":22},"end":{"line":14,"column":2}}]}},"b":{"0":[2]},"fnMap":{"0":{"name":"Footer","decl":{"start":{"line":4,"column":22},"end":{"line":14,"column":2}},"loc":{"start":{"line":4,"column":22},"end":{"line":14,"column":2}},"line":4}},"f":{"0":2}}
,"C:\\data\\js\\RS SCHOOL\\rs-school-react\\src\\components\\Forms\\Forms.js": {"path":"C:\\data\\js\\RS SCHOOL\\rs-school-react\\src\\components\\Forms\\Forms.js","all":false,"statementMap":{"0":{"start":{"line":1,"column":0},"end":{"line":1,"column":51}},"1":{"start":{"line":2,"column":0},"end":{"line":2,"column":60}},"2":{"start":{"line":3,"column":0},"end":{"line":3,"column":42}},"3":{"start":{"line":4,"column":0},"end":{"line":4,"column":44}},"4":{"start":{"line":5,"column":0},"end":{"line":5,"column":22}},"5":{"start":{"line":6,"column":0},"end":{"line":6,"column":35}},"6":{"start":{"line":7,"column":0},"end":{"line":7,"column":21}},"7":{"start":{"line":8,"column":0},"end":{"line":8,"column":45}},"8":{"start":{"line":9,"column":0},"end":{"line":9,"column":48}},"9":{"start":{"line":10,"column":0},"end":{"line":10,"column":80}},"10":{"start":{"line":11,"column":0},"end":{"line":11,"column":32}},"11":{"start":{"line":12,"column":0},"end":{"line":12,"column":32}},"12":{"start":{"line":13,"column":0},"end":{"line":13,"column":65}},"13":{"start":{"line":14,"column":0},"end":{"line":14,"column":78}},"14":{"start":{"line":15,"column":0},"end":{"line":15,"column":36}},"15":{"start":{"line":16,"column":0},"end":{"line":16,"column":28}},"16":{"start":{"line":17,"column":0},"end":{"line":17,"column":11}},"17":{"start":{"line":18,"column":0},"end":{"line":18,"column":25}},"18":{"start":{"line":19,"column":0},"end":{"line":19,"column":16}},"19":{"start":{"line":20,"column":0},"end":{"line":20,"column":6}},"20":{"start":{"line":21,"column":0},"end":{"line":21,"column":40}},"21":{"start":{"line":22,"column":0},"end":{"line":22,"column":37}},"22":{"start":{"line":23,"column":0},"end":{"line":23,"column":73}},"23":{"start":{"line":24,"column":0},"end":{"line":24,"column":36}},"24":{"start":{"line":25,"column":0},"end":{"line":25,"column":9}},"25":{"start":{"line":26,"column":0},"end":{"line":26,"column":6}},"26":{"start":{"line":27,"column":0},"end":{"line":27,"column":21}},"27":{"start":{"line":28,"column":0},"end":{"line":28,"column":65}},"28":{"start":{"line":29,"column":0},"end":{"line":29,"column":23}},"29":{"start":{"line":30,"column":0},"end":{"line":30,"column":42}},"30":{"start":{"line":31,"column":0},"end":{"line":31,"column":9}},"31":{"start":{"line":32,"column":0},"end":{"line":32,"column":11}},"32":{"start":{"line":33,"column":0},"end":{"line":33,"column":120}},"33":{"start":{"line":34,"column":0},"end":{"line":34,"column":29}},"34":{"start":{"line":35,"column":0},"end":{"line":35,"column":37}},"35":{"start":{"line":36,"column":0},"end":{"line":36,"column":59}},"36":{"start":{"line":37,"column":0},"end":{"line":37,"column":50}},"37":{"start":{"line":38,"column":0},"end":{"line":38,"column":57}},"38":{"start":{"line":39,"column":0},"end":{"line":39,"column":68}},"39":{"start":{"line":40,"column":0},"end":{"line":40,"column":57}},"40":{"start":{"line":41,"column":0},"end":{"line":41,"column":77}},"41":{"start":{"line":42,"column":0},"end":{"line":42,"column":72}},"42":{"start":{"line":43,"column":0},"end":{"line":43,"column":72}},"43":{"start":{"line":44,"column":0},"end":{"line":44,"column":146}},"44":{"start":{"line":45,"column":0},"end":{"line":45,"column":69}},"45":{"start":{"line":46,"column":0},"end":{"line":46,"column":98}},"46":{"start":{"line":47,"column":0},"end":{"line":47,"column":30}},"47":{"start":{"line":48,"column":0},"end":{"line":48,"column":101}},"48":{"start":{"line":49,"column":0},"end":{"line":49,"column":73}},"49":{"start":{"line":50,"column":0},"end":{"line":50,"column":39}},"50":{"start":{"line":51,"column":0},"end":{"line":51,"column":60}},"51":{"start":{"line":52,"column":0},"end":{"line":52,"column":84}},"52":{"start":{"line":53,"column":0},"end":{"line":53,"column":165}},"53":{"start":{"line":54,"column":0},"end":{"line":54,"column":87}},"54":{"start":{"line":55,"column":0},"end":{"line":55,"column":183}},"55":{"start":{"line":56,"column":0},"end":{"line":56,"column":127}},"56":{"start":{"line":57,"column":0},"end":{"line":57,"column":91}},"57":{"start":{"line":58,"column":0},"end":{"line":58,"column":86}},"58":{"start":{"line":59,"column":0},"end":{"line":59,"column":83}},"59":{"start":{"line":60,"column":0},"end":{"line":60,"column":81}},"60":{"start":{"line":61,"column":0},"end":{"line":61,"column":81}},"61":{"start":{"line":62,"column":0},"end":{"line":62,"column":84}},"62":{"start":{"line":63,"column":0},"end":{"line":63,"column":69}},"63":{"start":{"line":64,"column":0},"end":{"line":64,"column":130}},"64":{"start":{"line":65,"column":0},"end":{"line":65,"column":80}},"65":{"start":{"line":66,"column":0},"end":{"line":66,"column":96}},"66":{"start":{"line":67,"column":0},"end":{"line":67,"column":83}},"67":{"start":{"line":68,"column":0},"end":{"line":68,"column":57}},"68":{"start":{"line":69,"column":0},"end":{"line":69,"column":175}},"69":{"start":{"line":70,"column":0},"end":{"line":70,"column":113}},"70":{"start":{"line":71,"column":0},"end":{"line":71,"column":78}},"71":{"start":{"line":72,"column":0},"end":{"line":72,"column":49}},"72":{"start":{"line":73,"column":0},"end":{"line":73,"column":71}},"73":{"start":{"line":74,"column":0},"end":{"line":74,"column":2}},"74":{"start":{"line":75,"column":0},"end":{"line":75,"column":21}}},"s":{"0":1,"1":1,"2":1,"3":1,"4":1,"5":1,"6":1,"7":6,"8":6,"9":6,"10":6,"11":0,"12":0,"13":0,"14":0,"15":0,"16":0,"17":0,"18":0,"19":6,"20":6,"21":0,"22":0,"23":0,"24":0,"25":6,"26":6,"27":6,"28":6,"29":0,"30":0,"31":6,"32":6,"33":6,"34":6,"35":6,"36":6,"37":6,"38":6,"39":6,"40":6,"41":6,"42":6,"43":6,"44":6,"45":6,"46":6,"47":6,"48":6,"49":6,"50":6,"51":6,"52":6,"53":6,"54":6,"55":6,"56":6,"57":6,"58":6,"59":6,"60":6,"61":6,"62":6,"63":6,"64":6,"65":6,"66":6,"67":6,"68":6,"69":6,"70":6,"71":6,"72":6,"73":6,"74":1},"branchMap":{"0":{"type":"branch","line":7,"loc":{"start":{"line":7,"column":14},"end":{"line":74,"column":2}},"locations":[{"start":{"line":7,"column":14},"end":{"line":74,"column":2}}]},"1":{"type":"branch","line":53,"loc":{"start":{"line":53,"column":91},"end":{"line":53,"column":163}},"locations":[{"start":{"line":53,"column":91},"end":{"line":53,"column":163}}]},"2":{"type":"branch","line":56,"loc":{"start":{"line":56,"column":90},"end":{"line":56,"column":125}},"locations":[{"start":{"line":56,"column":90},"end":{"line":56,"column":125}}]},"3":{"type":"branch","line":70,"loc":{"start":{"line":70,"column":94},"end":{"line":70,"column":110}},"locations":[{"start":{"line":70,"column":94},"end":{"line":70,"column":110}}]},"4":{"type":"branch","line":27,"loc":{"start":{"line":27,"column":14},"end":{"line":32,"column":5}},"locations":[{"start":{"line":27,"column":14},"end":{"line":32,"column":5}}]},"5":{"type":"branch","line":29,"loc":{"start":{"line":29,"column":22},"end":{"line":31,"column":9}},"locations":[{"start":{"line":29,"column":22},"end":{"line":31,"column":9}}]}},"b":{"0":[6],"1":[0],"2":[0],"3":[0],"4":[6],"5":[0]},"fnMap":{"0":{"name":"Forms","decl":{"start":{"line":7,"column":14},"end":{"line":74,"column":2}},"loc":{"start":{"line":7,"column":14},"end":{"line":74,"column":2}},"line":7},"1":{"name":"onSubmit","decl":{"start":{"line":11,"column":21},"end":{"line":20,"column":5}},"loc":{"start":{"line":11,"column":21},"end":{"line":20,"column":5}},"line":11},"2":{"name":"avatarHandler","decl":{"start":{"line":21,"column":26},"end":{"line":26,"column":5}},"loc":{"start":{"line":21,"column":26},"end":{"line":26,"column":5}},"line":21}},"f":{"0":6,"1":0,"2":0}}
,"C:\\data\\js\\RS SCHOOL\\rs-school-react\\src\\components\\Forms\\util.js": {"path":"C:\\data\\js\\RS SCHOOL\\rs-school-react\\src\\components\\Forms\\util.js","all":false,"statementMap":{"0":{"start":{"line":1,"column":0},"end":{"line":1,"column":52}},"1":{"start":{"line":2,"column":0},"end":{"line":2,"column":33}},"2":{"start":{"line":3,"column":0},"end":{"line":3,"column":56}},"3":{"start":{"line":4,"column":0},"end":{"line":4,"column":44}},"4":{"start":{"line":5,"column":0},"end":{"line":5,"column":49}},"5":{"start":{"line":6,"column":0},"end":{"line":6,"column":32}},"6":{"start":{"line":7,"column":0},"end":{"line":7,"column":28}},"7":{"start":{"line":8,"column":0},"end":{"line":8,"column":40}},"8":{"start":{"line":9,"column":0},"end":{"line":9,"column":42}},"9":{"start":{"line":10,"column":0},"end":{"line":10,"column":90}},"10":{"start":{"line":11,"column":0},"end":{"line":11,"column":36}},"11":{"start":{"line":12,"column":0},"end":{"line":12,"column":59}},"12":{"start":{"line":13,"column":0},"end":{"line":13,"column":45}},"13":{"start":{"line":14,"column":0},"end":{"line":14,"column":46}},"14":{"start":{"line":15,"column":0},"end":{"line":15,"column":61}},"15":{"start":{"line":16,"column":0},"end":{"line":16,"column":17}},"16":{"start":{"line":17,"column":0},"end":{"line":17,"column":22}},"17":{"start":{"line":18,"column":0},"end":{"line":18,"column":47}},"18":{"start":{"line":19,"column":0},"end":{"line":19,"column":60}},"19":{"start":{"line":20,"column":0},"end":{"line":20,"column":17}},"20":{"start":{"line":21,"column":0},"end":{"line":21,"column":13}},"21":{"start":{"line":22,"column":0},"end":{"line":22,"column":39}},"22":{"start":{"line":23,"column":0},"end":{"line":23,"column":41}},"23":{"start":{"line":24,"column":0},"end":{"line":24,"column":22}},"24":{"start":{"line":25,"column":0},"end":{"line":25,"column":68}},"25":{"start":{"line":26,"column":0},"end":{"line":26,"column":67}},"26":{"start":{"line":27,"column":0},"end":{"line":27,"column":28}},"27":{"start":{"line":28,"column":0},"end":{"line":28,"column":44}},"28":{"start":{"line":29,"column":0},"end":{"line":29,"column":13}},"29":{"start":{"line":30,"column":0},"end":{"line":30,"column":10}},"30":{"start":{"line":31,"column":0},"end":{"line":31,"column":25}},"31":{"start":{"line":32,"column":0},"end":{"line":32,"column":61}},"32":{"start":{"line":33,"column":0},"end":{"line":33,"column":7}},"33":{"start":{"line":34,"column":0},"end":{"line":34,"column":1}}},"s":{"0":1,"1":0,"2":0,"3":0,"4":0,"5":0,"6":0,"7":0,"8":0,"9":0,"10":0,"11":0,"12":0,"13":0,"14":0,"15":0,"16":0,"17":0,"18":0,"19":0,"20":0,"21":0,"22":0,"23":0,"24":0,"25":0,"26":0,"27":0,"28":0,"29":0,"30":0,"31":0,"32":0,"33":0},"branchMap":{},"b":{},"fnMap":{"0":{"name":"getBase64","decl":{"start":{"line":2,"column":-2},"end":{"line":34,"column":1}},"loc":{"start":{"line":2,"column":-2},"end":{"line":34,"column":1}},"line":2}},"f":{"0":0}}
,"C:\\data\\js\\RS SCHOOL\\rs-school-react\\src\\components\\Header\\Header.js": {"path":"C:\\data\\js\\RS SCHOOL\\rs-school-react\\src\\components\\Header\\Header.js","all":false,"statementMap":{"0":{"start":{"line":1,"column":0},"end":{"line":1,"column":26}},"1":{"start":{"line":2,"column":0},"end":{"line":2,"column":38}},"2":{"start":{"line":3,"column":0},"end":{"line":3,"column":43}},"3":{"start":{"line":4,"column":0},"end":{"line":4,"column":23}},"4":{"start":{"line":5,"column":0},"end":{"line":5,"column":27}},"5":{"start":{"line":6,"column":0},"end":{"line":6,"column":44}},"6":{"start":{"line":7,"column":0},"end":{"line":7,"column":73}},"7":{"start":{"line":8,"column":0},"end":{"line":8,"column":60}},"8":{"start":{"line":9,"column":0},"end":{"line":9,"column":62}},"9":{"start":{"line":10,"column":0},"end":{"line":10,"column":71}},"10":{"start":{"line":11,"column":0},"end":{"line":11,"column":67}},"11":{"start":{"line":12,"column":0},"end":{"line":12,"column":63}},"12":{"start":{"line":13,"column":0},"end":{"line":13,"column":93}},"13":{"start":{"line":14,"column":0},"end":{"line":14,"column":2}},"14":{"start":{"line":15,"column":0},"end":{"line":15,"column":22}}},"s":{"0":1,"1":1,"2":1,"3":1,"4":1,"5":2,"6":2,"7":2,"8":2,"9":2,"10":2,"11":2,"12":2,"13":2,"14":1},"branchMap":{"0":{"type":"branch","line":5,"loc":{"start":{"line":5,"column":15},"end":{"line":14,"column":2}},"locations":[{"start":{"line":5,"column":15},"end":{"line":14,"column":2}}]}},"b":{"0":[2]},"fnMap":{"0":{"name":"Header","decl":{"start":{"line":5,"column":15},"end":{"line":14,"column":2}},"loc":{"start":{"line":5,"column":15},"end":{"line":14,"column":2}},"line":5}},"f":{"0":2}}
,"C:\\data\\js\\RS SCHOOL\\rs-school-react\\src\\components\\Search\\Search.js": {"path":"C:\\data\\js\\RS SCHOOL\\rs-school-react\\src\\components\\Search\\Search.js","all":false,"statementMap":{"0":{"start":{"line":1,"column":0},"end":{"line":1,"column":40}},"1":{"start":{"line":2,"column":0},"end":{"line":2,"column":23}},"2":{"start":{"line":3,"column":0},"end":{"line":3,"column":27}},"3":{"start":{"line":4,"column":0},"end":{"line":4,"column":41}},"4":{"start":{"line":5,"column":0},"end":{"line":5,"column":35}},"5":{"start":{"line":6,"column":0},"end":{"line":6,"column":36}},"6":{"start":{"line":7,"column":0},"end":{"line":7,"column":22}},"7":{"start":{"line":8,"column":0},"end":{"line":8,"column":35}},"8":{"start":{"line":9,"column":0},"end":{"line":9,"column":6}},"9":{"start":{"line":10,"column":0},"end":{"line":10,"column":194}},"10":{"start":{"line":11,"column":0},"end":{"line":11,"column":2}},"11":{"start":{"line":12,"column":0},"end":{"line":12,"column":22}}},"s":{"0":1,"1":1,"2":1,"3":4,"4":4,"5":0,"6":0,"7":0,"8":4,"9":4,"10":4,"11":1},"branchMap":{"0":{"type":"branch","line":3,"loc":{"start":{"line":3,"column":15},"end":{"line":11,"column":2}},"locations":[{"start":{"line":3,"column":15},"end":{"line":11,"column":2}}]}},"b":{"0":[4]},"fnMap":{"0":{"name":"Search","decl":{"start":{"line":3,"column":15},"end":{"line":11,"column":2}},"loc":{"start":{"line":3,"column":15},"end":{"line":11,"column":2}},"line":3},"1":{"name":"onUpdateSearch","decl":{"start":{"line":5,"column":27},"end":{"line":9,"column":5}},"loc":{"start":{"line":5,"column":27},"end":{"line":9,"column":5}},"line":5}},"f":{"0":4,"1":0}}
}
